CRITICAL - 2021-06-21 15:30:28 --> Invalid file: header.php
#0 C:\xampp\htdocs\gestana\system\View\View.php(213): CodeIgniter\Exceptions\FrameworkException::forInvalidFile('header.php')
#1 C:\xampp\htdocs\gestana\system\Common.php(1271): CodeIgniter\View\View->render('header', Array, true)
#2 C:\xampp\htdocs\gestana\app\Controllers\Home.php(9): view('header')
#3 C:\xampp\htdocs\gestana\system\CodeIgniter.php(928): App\Controllers\Home->index()
#4 C:\xampp\htdocs\gestana\system\CodeIgniter.php(436): CodeIgniter\CodeIgniter->runController(Object(App\Controllers\Home))
#5 C:\xampp\htdocs\gestana\system\CodeIgniter.php(336): CodeIgniter\CodeIgniter->handleRequest(NULL, Object(Config\Cache), false)
#6 C:\xampp\htdocs\gestana\index.php(37): CodeIgniter\CodeIgniter->run()
#7 {main}
CRITICAL - 2021-06-21 15:30:31 --> Invalid file: header.php
#0 C:\xampp\htdocs\gestana\system\View\View.php(213): CodeIgniter\Exceptions\FrameworkException::forInvalidFile('header.php')
#1 C:\xampp\htdocs\gestana\system\Common.php(1271): CodeIgniter\View\View->render('header', Array, true)
#2 C:\xampp\htdocs\gestana\app\Controllers\Home.php(9): view('header')
#3 C:\xampp\htdocs\gestana\system\CodeIgniter.php(928): App\Controllers\Home->index()
#4 C:\xampp\htdocs\gestana\system\CodeIgniter.php(436): CodeIgniter\CodeIgniter->runController(Object(App\Controllers\Home))
#5 C:\xampp\htdocs\gestana\system\CodeIgniter.php(336): CodeIgniter\CodeIgniter->handleRequest(NULL, Object(Config\Cache), false)
#6 C:\xampp\htdocs\gestana\index.php(37): CodeIgniter\CodeIgniter->run()
#7 {main}
CRITICAL - 2021-06-21 15:30:54 --> Invalid file: templates/pagina1.php
#0 C:\xampp\htdocs\gestana\system\View\View.php(213): CodeIgniter\Exceptions\FrameworkException::forInvalidFile('templates/pagin...')
#1 C:\xampp\htdocs\gestana\system\Common.php(1271): CodeIgniter\View\View->render('templates/pagin...', Array, true)
#2 C:\xampp\htdocs\gestana\app\Controllers\Home.php(10): view('templates/pagin...')
#3 C:\xampp\htdocs\gestana\system\CodeIgniter.php(928): App\Controllers\Home->index()
#4 C:\xampp\htdocs\gestana\system\CodeIgniter.php(436): CodeIgniter\CodeIgniter->runController(Object(App\Controllers\Home))
#5 C:\xampp\htdocs\gestana\system\CodeIgniter.php(336): CodeIgniter\CodeIgniter->handleRequest(NULL, Object(Config\Cache), false)
#6 C:\xampp\htdocs\gestana\index.php(37): CodeIgniter\CodeIgniter->run()
#7 {main}
CRITICAL - 2021-06-21 15:30:55 --> Invalid file: templates/pagina1.php
#0 C:\xampp\htdocs\gestana\system\View\View.php(213): CodeIgniter\Exceptions\FrameworkException::forInvalidFile('templates/pagin...')
#1 C:\xampp\htdocs\gestana\system\Common.php(1271): CodeIgniter\View\View->render('templates/pagin...', Array, true)
#2 C:\xampp\htdocs\gestana\app\Controllers\Home.php(10): view('templates/pagin...')
#3 C:\xampp\htdocs\gestana\system\CodeIgniter.php(928): App\Controllers\Home->index()
#4 C:\xampp\htdocs\gestana\system\CodeIgniter.php(436): CodeIgniter\CodeIgniter->runController(Object(App\Controllers\Home))
#5 C:\xampp\htdocs\gestana\system\CodeIgniter.php(336): CodeIgniter\CodeIgniter->handleRequest(NULL, Object(Config\Cache), false)
#6 C:\xampp\htdocs\gestana\index.php(37): CodeIgniter\CodeIgniter->run()
#7 {main}
CRITICAL - 2021-06-21 18:19:31 --> Class 'CodeIgniter\Database\PostgreSQL\Connection' not found
#0 C:\xampp\htdocs\gestana\system\Database\Database.php(69): CodeIgniter\Database\Database->initDriver('PostgreSQL', 'CodeIgniter\\Dat...', Array)
#1 C:\xampp\htdocs\gestana\system\Database\Config.php(86): CodeIgniter\Database\Database->load(Array, 'default')
#2 C:\xampp\htdocs\gestana\system\Model.php(104): CodeIgniter\Database\Config::connect('default')
#3 C:\xampp\htdocs\gestana\app\Controllers\Produtos.php(20): CodeIgniter\Model->__construct()
#4 C:\xampp\htdocs\gestana\system\CodeIgniter.php(928): App\Controllers\Produtos->inserir()
#5 C:\xampp\htdocs\gestana\system\CodeIgniter.php(436): CodeIgniter\CodeIgniter->runController(Object(App\Controllers\Produtos))
#6 C:\xampp\htdocs\gestana\system\CodeIgniter.php(336): CodeIgniter\CodeIgniter->handleRequest(NULL, Object(Config\Cache), false)
#7 C:\xampp\htdocs\gestana\index.php(37): CodeIgniter\CodeIgniter->run()
#8 {main}
CRITICAL - 2021-06-21 18:24:56 --> Class 'CodeIgniter\Database\PostgreSQL\Connection' not found
#0 C:\xampp\htdocs\gestana\system\Database\Database.php(69): CodeIgniter\Database\Database->initDriver('PostgreSQL', 'CodeIgniter\\Dat...', Array)
#1 C:\xampp\htdocs\gestana\system\Database\Config.php(86): CodeIgniter\Database\Database->load(Array, 'default')
#2 C:\xampp\htdocs\gestana\system\Model.php(104): CodeIgniter\Database\Config::connect('default')
#3 C:\xampp\htdocs\gestana\app\Controllers\Produtos.php(20): CodeIgniter\Model->__construct()
#4 C:\xampp\htdocs\gestana\system\CodeIgniter.php(928): App\Controllers\Produtos->inserir()
#5 C:\xampp\htdocs\gestana\system\CodeIgniter.php(436): CodeIgniter\CodeIgniter->runController(Object(App\Controllers\Produtos))
#6 C:\xampp\htdocs\gestana\system\CodeIgniter.php(336): CodeIgniter\CodeIgniter->handleRequest(NULL, Object(Config\Cache), false)
#7 C:\xampp\htdocs\gestana\index.php(37): CodeIgniter\CodeIgniter->run()
#8 {main}
CRITICAL - 2021-06-21 18:25:47 --> Class 'CodeIgniter\Database\PostgreSQL\Connection' not found
#0 C:\xampp\htdocs\gestana\system\Database\Database.php(69): CodeIgniter\Database\Database->initDriver('PostgreSQL', 'CodeIgniter\\Dat...', Array)
#1 C:\xampp\htdocs\gestana\system\Database\Config.php(86): CodeIgniter\Database\Database->load(Array, 'default')
#2 C:\xampp\htdocs\gestana\system\Model.php(104): CodeIgniter\Database\Config::connect('default')
#3 C:\xampp\htdocs\gestana\app\Controllers\Produtos.php(20): CodeIgniter\Model->__construct()
#4 C:\xampp\htdocs\gestana\system\CodeIgniter.php(928): App\Controllers\Produtos->inserir()
#5 C:\xampp\htdocs\gestana\system\CodeIgniter.php(436): CodeIgniter\CodeIgniter->runController(Object(App\Controllers\Produtos))
#6 C:\xampp\htdocs\gestana\system\CodeIgniter.php(336): CodeIgniter\CodeIgniter->handleRequest(NULL, Object(Config\Cache), false)
#7 C:\xampp\htdocs\gestana\index.php(37): CodeIgniter\CodeIgniter->run()
#8 {main}
CRITICAL - 2021-06-21 18:25:50 --> Class 'CodeIgniter\Database\PostgreSQL\Connection' not found
#0 C:\xampp\htdocs\gestana\system\Database\Database.php(69): CodeIgniter\Database\Database->initDriver('PostgreSQL', 'CodeIgniter\\Dat...', Array)
#1 C:\xampp\htdocs\gestana\system\Database\Config.php(86): CodeIgniter\Database\Database->load(Array, 'default')
#2 C:\xampp\htdocs\gestana\system\Model.php(104): CodeIgniter\Database\Config::connect('default')
#3 C:\xampp\htdocs\gestana\app\Controllers\Produtos.php(20): CodeIgniter\Model->__construct()
#4 C:\xampp\htdocs\gestana\system\CodeIgniter.php(928): App\Controllers\Produtos->inserir()
#5 C:\xampp\htdocs\gestana\system\CodeIgniter.php(436): CodeIgniter\CodeIgniter->runController(Object(App\Controllers\Produtos))
#6 C:\xampp\htdocs\gestana\system\CodeIgniter.php(336): CodeIgniter\CodeIgniter->handleRequest(NULL, Object(Config\Cache), false)
#7 C:\xampp\htdocs\gestana\index.php(37): CodeIgniter\CodeIgniter->run()
#8 {main}
CRITICAL - 2021-06-21 18:26:57 --> Class 'CodeIgniter\Database\PostgreSQL\Connection' not found
#0 C:\xampp\htdocs\gestana\system\Database\Database.php(69): CodeIgniter\Database\Database->initDriver('PostgreSQL', 'CodeIgniter\\Dat...', Array)
#1 C:\xampp\htdocs\gestana\system\Database\Config.php(86): CodeIgniter\Database\Database->load(Array, 'default')
#2 C:\xampp\htdocs\gestana\system\Model.php(104): CodeIgniter\Database\Config::connect('default')
#3 C:\xampp\htdocs\gestana\app\Controllers\Produtos.php(20): CodeIgniter\Model->__construct()
#4 C:\xampp\htdocs\gestana\system\CodeIgniter.php(928): App\Controllers\Produtos->inserir()
#5 C:\xampp\htdocs\gestana\system\CodeIgniter.php(436): CodeIgniter\CodeIgniter->runController(Object(App\Controllers\Produtos))
#6 C:\xampp\htdocs\gestana\system\CodeIgniter.php(336): CodeIgniter\CodeIgniter->handleRequest(NULL, Object(Config\Cache), false)
#7 C:\xampp\htdocs\gestana\index.php(37): CodeIgniter\CodeIgniter->run()
#8 {main}
CRITICAL - 2021-06-21 18:27:10 --> Class 'CodeIgniter\Database\PostgreSQL\Connection' not found
#0 C:\xampp\htdocs\gestana\system\Database\Database.php(69): CodeIgniter\Database\Database->initDriver('PostgreSQL', 'CodeIgniter\\Dat...', Array)
#1 C:\xampp\htdocs\gestana\system\Database\Config.php(86): CodeIgniter\Database\Database->load(Array, 'default')
#2 C:\xampp\htdocs\gestana\system\Model.php(104): CodeIgniter\Database\Config::connect('default')
#3 C:\xampp\htdocs\gestana\app\Controllers\Produtos.php(20): CodeIgniter\Model->__construct()
#4 C:\xampp\htdocs\gestana\system\CodeIgniter.php(928): App\Controllers\Produtos->inserir()
#5 C:\xampp\htdocs\gestana\system\CodeIgniter.php(436): CodeIgniter\CodeIgniter->runController(Object(App\Controllers\Produtos))
#6 C:\xampp\htdocs\gestana\system\CodeIgniter.php(336): CodeIgniter\CodeIgniter->handleRequest(NULL, Object(Config\Cache), false)
#7 C:\xampp\htdocs\gestana\index.php(37): CodeIgniter\CodeIgniter->run()
#8 {main}
ERROR - 2021-06-21 18:28:08 --> Error connecting to the database: Call to undefined function CodeIgniter\Database\Postgre\pg_connect()
CRITICAL - 2021-06-21 18:28:08 --> Unable to connect to the database.
Main connection [Postgre]: Call to undefined function CodeIgniter\Database\Postgre\pg_connect()
#0 C:\xampp\htdocs\gestana\system\Database\BaseConnection.php(625): CodeIgniter\Database\BaseConnection->initialize()
#1 C:\xampp\htdocs\gestana\system\Database\BaseBuilder.php(2277): CodeIgniter\Database\BaseConnection->query('INSERT INTO "pr...', Array, false)
#2 C:\xampp\htdocs\gestana\system\Model.php(259): CodeIgniter\Database\BaseBuilder->insert()
#3 C:\xampp\htdocs\gestana\system\BaseModel.php(774): CodeIgniter\Model->doInsert(Array)
#4 C:\xampp\htdocs\gestana\system\Model.php(686): CodeIgniter\BaseModel->insert(Array, true)
#5 C:\xampp\htdocs\gestana\app\Controllers\Produtos.php(22): CodeIgniter\Model->insert()
#6 C:\xampp\htdocs\gestana\system\CodeIgniter.php(928): App\Controllers\Produtos->inserir()
#7 C:\xampp\htdocs\gestana\system\CodeIgniter.php(436): CodeIgniter\CodeIgniter->runController(Object(App\Controllers\Produtos))
#8 C:\xampp\htdocs\gestana\system\CodeIgniter.php(336): CodeIgniter\CodeIgniter->handleRequest(NULL, Object(Config\Cache), false)
#9 C:\xampp\htdocs\gestana\index.php(37): CodeIgniter\CodeIgniter->run()
#10 {main}
