CRITICAL - 2021-07-17 08:37:01 --> Undefined index: firstName
#0 C:\xampp\htdocs\characterlist\app\Views\home.php(2): CodeIgniter\Debug\Exceptions->errorHandler(8, 'Undefined index...', 'C:\\xampp\\htdocs...', 2, Array)
#1 C:\xampp\htdocs\characterlist\system\View\View.php(230): include('C:\\xampp\\htdocs...')
#2 C:\xampp\htdocs\characterlist\system\View\View.php(232): CodeIgniter\View\View->CodeIgniter\View\{closure}()
#3 C:\xampp\htdocs\characterlist\system\Common.php(1271): CodeIgniter\View\View->render('home', Array, true)
#4 C:\xampp\htdocs\characterlist\app\Controllers\Home.php(10): view('home')
#5 C:\xampp\htdocs\characterlist\system\CodeIgniter.php(928): App\Controllers\Home->index()
#6 C:\xampp\htdocs\characterlist\system\CodeIgniter.php(436): CodeIgniter\CodeIgniter->runController(Object(App\Controllers\Home))
#7 C:\xampp\htdocs\characterlist\system\CodeIgniter.php(336): CodeIgniter\CodeIgniter->handleRequest(NULL, Object(Config\Cache), false)
#8 C:\xampp\htdocs\characterlist\index.php(37): CodeIgniter\CodeIgniter->run()
#9 {main}
CRITICAL - 2021-07-17 08:37:01 --> Undefined index: firstName
#0 C:\xampp\htdocs\characterlist\app\Views\home.php(2): CodeIgniter\Debug\Exceptions->errorHandler(8, 'Undefined index...', 'C:\\xampp\\htdocs...', 2, Array)
#1 C:\xampp\htdocs\characterlist\system\View\View.php(230): include('C:\\xampp\\htdocs...')
#2 C:\xampp\htdocs\characterlist\system\View\View.php(232): CodeIgniter\View\View->CodeIgniter\View\{closure}()
#3 C:\xampp\htdocs\characterlist\system\Common.php(1271): CodeIgniter\View\View->render('home', Array, true)
#4 C:\xampp\htdocs\characterlist\app\Controllers\Home.php(10): view('home')
#5 C:\xampp\htdocs\characterlist\system\CodeIgniter.php(928): App\Controllers\Home->index()
#6 C:\xampp\htdocs\characterlist\system\CodeIgniter.php(436): CodeIgniter\CodeIgniter->runController(Object(App\Controllers\Home))
#7 C:\xampp\htdocs\characterlist\system\CodeIgniter.php(336): CodeIgniter\CodeIgniter->handleRequest(NULL, Object(Config\Cache), false)
#8 C:\xampp\htdocs\characterlist\index.php(37): CodeIgniter\CodeIgniter->run()
#9 {main}
CRITICAL - 2021-07-17 08:37:16 --> Undefined index: firstName
#0 C:\xampp\htdocs\characterlist\app\Views\home.php(2): CodeIgniter\Debug\Exceptions->errorHandler(8, 'Undefined index...', 'C:\\xampp\\htdocs...', 2, Array)
#1 C:\xampp\htdocs\characterlist\system\View\View.php(230): include('C:\\xampp\\htdocs...')
#2 C:\xampp\htdocs\characterlist\system\View\View.php(232): CodeIgniter\View\View->CodeIgniter\View\{closure}()
#3 C:\xampp\htdocs\characterlist\system\Common.php(1271): CodeIgniter\View\View->render('home', Array, true)
#4 C:\xampp\htdocs\characterlist\app\Controllers\Home.php(10): view('home')
#5 C:\xampp\htdocs\characterlist\system\CodeIgniter.php(928): App\Controllers\Home->index()
#6 C:\xampp\htdocs\characterlist\system\CodeIgniter.php(436): CodeIgniter\CodeIgniter->runController(Object(App\Controllers\Home))
#7 C:\xampp\htdocs\characterlist\system\CodeIgniter.php(336): CodeIgniter\CodeIgniter->handleRequest(NULL, Object(Config\Cache), false)
#8 C:\xampp\htdocs\characterlist\index.php(37): CodeIgniter\CodeIgniter->run()
#9 {main}
CRITICAL - 2021-07-17 08:38:13 --> Undefined variable: preSeriesList
#0 C:\xampp\htdocs\characterlist\app\Views\home.php(2): CodeIgniter\Debug\Exceptions->errorHandler(8, 'Undefined varia...', 'C:\\xampp\\htdocs...', 2, Array)
#1 C:\xampp\htdocs\characterlist\system\View\View.php(230): include('C:\\xampp\\htdocs...')
#2 C:\xampp\htdocs\characterlist\system\View\View.php(232): CodeIgniter\View\View->CodeIgniter\View\{closure}()
#3 C:\xampp\htdocs\characterlist\system\Common.php(1271): CodeIgniter\View\View->render('home', Array, true)
#4 C:\xampp\htdocs\characterlist\app\Controllers\Home.php(10): view('home')
#5 C:\xampp\htdocs\characterlist\system\CodeIgniter.php(928): App\Controllers\Home->index()
#6 C:\xampp\htdocs\characterlist\system\CodeIgniter.php(436): CodeIgniter\CodeIgniter->runController(Object(App\Controllers\Home))
#7 C:\xampp\htdocs\characterlist\system\CodeIgniter.php(336): CodeIgniter\CodeIgniter->handleRequest(NULL, Object(Config\Cache), false)
#8 C:\xampp\htdocs\characterlist\index.php(37): CodeIgniter\CodeIgniter->run()
#9 {main}
CRITICAL - 2021-07-17 08:52:17 --> A database has already been specified for this key.
#0 C:\xampp\htdocs\characterlist\app\Models\rb.php(12974): RedBeanPHP\Facade::addDatabase('default', 'pgsql:host=quee...', 'xozjhrue', 'DGg0bVDqZCFps1h...', false, false, Array)
#1 C:\xampp\htdocs\characterlist\app\Models\RedbeanModel.php(18): RedBeanPHP\Facade::setup('pgsql:host=quee...', 'xozjhrue', 'DGg0bVDqZCFps1h...')
#2 C:\xampp\htdocs\characterlist\app\Controllers\Approve.php(21): App\Models\RedbeanModel->__construct()
#3 C:\xampp\htdocs\characterlist\system\CodeIgniter.php(928): App\Controllers\Approve->PreSeries('1')
#4 C:\xampp\htdocs\characterlist\system\CodeIgniter.php(436): CodeIgniter\CodeIgniter->runController(Object(App\Controllers\Approve))
#5 C:\xampp\htdocs\characterlist\system\CodeIgniter.php(336): CodeIgniter\CodeIgniter->handleRequest(NULL, Object(Config\Cache), false)
#6 C:\xampp\htdocs\characterlist\index.php(37): CodeIgniter\CodeIgniter->run()
#7 {main}
CRITICAL - 2021-07-17 08:54:00 --> Call to a member function getDatabase() on null
#0 C:\xampp\htdocs\characterlist\app\Controllers\Approve.php(18): App\Models\RedbeanModel->__construct()
#1 C:\xampp\htdocs\characterlist\system\CodeIgniter.php(928): App\Controllers\Approve->PreSeries('1')
#2 C:\xampp\htdocs\characterlist\system\CodeIgniter.php(436): CodeIgniter\CodeIgniter->runController(Object(App\Controllers\Approve))
#3 C:\xampp\htdocs\characterlist\system\CodeIgniter.php(336): CodeIgniter\CodeIgniter->handleRequest(NULL, Object(Config\Cache), false)
#4 C:\xampp\htdocs\characterlist\index.php(37): CodeIgniter\CodeIgniter->run()
#5 {main}
CRITICAL - 2021-07-17 09:00:40 --> Undefined variable: preSeriesList
#0 C:\xampp\htdocs\characterlist\app\Views\home.php(2): CodeIgniter\Debug\Exceptions->errorHandler(8, 'Undefined varia...', 'C:\\xampp\\htdocs...', 2, Array)
#1 C:\xampp\htdocs\characterlist\system\View\View.php(230): include('C:\\xampp\\htdocs...')
#2 C:\xampp\htdocs\characterlist\system\View\View.php(232): CodeIgniter\View\View->CodeIgniter\View\{closure}()
#3 C:\xampp\htdocs\characterlist\system\Common.php(1271): CodeIgniter\View\View->render('home', Array, true)
#4 C:\xampp\htdocs\characterlist\app\Controllers\Home.php(10): view('home')
#5 C:\xampp\htdocs\characterlist\system\CodeIgniter.php(928): App\Controllers\Home->index()
#6 C:\xampp\htdocs\characterlist\system\CodeIgniter.php(436): CodeIgniter\CodeIgniter->runController(Object(App\Controllers\Home))
#7 C:\xampp\htdocs\characterlist\system\CodeIgniter.php(336): CodeIgniter\CodeIgniter->handleRequest(NULL, Object(Config\Cache), false)
#8 C:\xampp\htdocs\characterlist\index.php(37): CodeIgniter\CodeIgniter->run()
#9 {main}
CRITICAL - 2021-07-17 09:02:09 --> session_start(): A session had already been started - ignoring
#0 [internal function]: CodeIgniter\Debug\Exceptions->errorHandler(8, 'session_start()...', 'C:\\xampp\\htdocs...', 15, Array)
#1 C:\xampp\htdocs\characterlist\app\Models\SeriesModel.php(15): session_start()
#2 C:\xampp\htdocs\characterlist\app\Controllers\Approve.php(27): App\Models\SeriesModel->insert()
#3 C:\xampp\htdocs\characterlist\system\CodeIgniter.php(928): App\Controllers\Approve->PreSeries('1')
#4 C:\xampp\htdocs\characterlist\system\CodeIgniter.php(436): CodeIgniter\CodeIgniter->runController(Object(App\Controllers\Approve))
#5 C:\xampp\htdocs\characterlist\system\CodeIgniter.php(336): CodeIgniter\CodeIgniter->handleRequest(NULL, Object(Config\Cache), false)
#6 C:\xampp\htdocs\characterlist\index.php(37): CodeIgniter\CodeIgniter->run()
#7 {main}
CRITICAL - 2021-07-17 09:04:43 --> SQLSTATE[23502]: Not null violation: 7 ERROR:  null value in column "id" violates not-null constraint
DETAIL:  Failing row contains (null, null, SpongeBob SquarePants, https://1.bp.blogspot.com/-Irws6i1e_qY/YPHlzKtPWxI/AAAAAAAAA0A/Z..., 1).
#0 C:\xampp\htdocs\characterlist\app\Models\rb.php(1171): RedBeanPHP\Driver\RPDO->runQuery('INSERT INTO "se...', Array)
#1 C:\xampp\htdocs\characterlist\app\Models\rb.php(1211): RedBeanPHP\Driver\RPDO->GetAll('INSERT INTO "se...', Array)
#2 C:\xampp\htdocs\characterlist\app\Models\rb.php(4379): RedBeanPHP\Driver\RPDO->GetOne('INSERT INTO "se...', Array)
#3 C:\xampp\htdocs\characterlist\app\Models\rb.php(6120): RedBeanPHP\Adapter\DBAdapter->getCell('INSERT INTO "se...', Array, 0)
#4 C:\xampp\htdocs\characterlist\app\Models\rb.php(6247): RedBeanPHP\QueryWriter\AQueryWriter->insertRecord('series', Array, Array)
#5 C:\xampp\htdocs\characterlist\app\Models\rb.php(9817): RedBeanPHP\QueryWriter\AQueryWriter->updateRecord('series', Array, 0)
#6 C:\xampp\htdocs\characterlist\app\Models\rb.php(8970): RedBeanPHP\Repository\Fluid->storeBean(Object(RedBeanPHP\OODBBean))
#7 C:\xampp\htdocs\characterlist\app\Models\rb.php(9365): RedBeanPHP\Repository->storeBeanWithLists(Object(RedBeanPHP\OODBBean))
#8 C:\xampp\htdocs\characterlist\app\Models\rb.php(10477): RedBeanPHP\Repository->store(Object(RedBeanPHP\OODBBean))
#9 C:\xampp\htdocs\characterlist\app\Models\rb.php(13349): RedBeanPHP\OODB->store(Object(RedBeanPHP\OODBBean))
#10 C:\xampp\htdocs\characterlist\app\Models\SeriesModel.php(22): RedBeanPHP\Facade::store(Object(RedBeanPHP\OODBBean))
#11 C:\xampp\htdocs\characterlist\app\Controllers\Approve.php(27): App\Models\SeriesModel->insert()
#12 C:\xampp\htdocs\characterlist\system\CodeIgniter.php(928): App\Controllers\Approve->PreSeries('1')
#13 C:\xampp\htdocs\characterlist\system\CodeIgniter.php(436): CodeIgniter\CodeIgniter->runController(Object(App\Controllers\Approve))
#14 C:\xampp\htdocs\characterlist\system\CodeIgniter.php(336): CodeIgniter\CodeIgniter->handleRequest(NULL, Object(Config\Cache), false)
#15 C:\xampp\htdocs\characterlist\index.php(37): CodeIgniter\CodeIgniter->run()
#16 {main}
CRITICAL - 2021-07-17 09:06:45 --> SQLSTATE[23502]: Not null violation: 7 ERROR:  null value in column "id" violates not-null constraint
DETAIL:  Failing row contains (null, null, SpongeBob SquarePants, https://1.bp.blogspot.com/-Irws6i1e_qY/YPHlzKtPWxI/AAAAAAAAA0A/Z..., 1).
#0 C:\xampp\htdocs\characterlist\app\Models\rb.php(1171): RedBeanPHP\Driver\RPDO->runQuery('INSERT INTO "se...', Array)
#1 C:\xampp\htdocs\characterlist\app\Models\rb.php(1211): RedBeanPHP\Driver\RPDO->GetAll('INSERT INTO "se...', Array)
#2 C:\xampp\htdocs\characterlist\app\Models\rb.php(4379): RedBeanPHP\Driver\RPDO->GetOne('INSERT INTO "se...', Array)
#3 C:\xampp\htdocs\characterlist\app\Models\rb.php(6120): RedBeanPHP\Adapter\DBAdapter->getCell('INSERT INTO "se...', Array, 0)
#4 C:\xampp\htdocs\characterlist\app\Models\rb.php(6247): RedBeanPHP\QueryWriter\AQueryWriter->insertRecord('series', Array, Array)
#5 C:\xampp\htdocs\characterlist\app\Models\rb.php(9817): RedBeanPHP\QueryWriter\AQueryWriter->updateRecord('series', Array, 0)
#6 C:\xampp\htdocs\characterlist\app\Models\rb.php(8970): RedBeanPHP\Repository\Fluid->storeBean(Object(RedBeanPHP\OODBBean))
#7 C:\xampp\htdocs\characterlist\app\Models\rb.php(9365): RedBeanPHP\Repository->storeBeanWithLists(Object(RedBeanPHP\OODBBean))
#8 C:\xampp\htdocs\characterlist\app\Models\rb.php(10477): RedBeanPHP\Repository->store(Object(RedBeanPHP\OODBBean))
#9 C:\xampp\htdocs\characterlist\app\Models\rb.php(13349): RedBeanPHP\OODB->store(Object(RedBeanPHP\OODBBean))
#10 C:\xampp\htdocs\characterlist\app\Models\SeriesModel.php(23): RedBeanPHP\Facade::store(Object(RedBeanPHP\OODBBean))
#11 C:\xampp\htdocs\characterlist\app\Controllers\Approve.php(27): App\Models\SeriesModel->insert()
#12 C:\xampp\htdocs\characterlist\system\CodeIgniter.php(928): App\Controllers\Approve->PreSeries('1')
#13 C:\xampp\htdocs\characterlist\system\CodeIgniter.php(436): CodeIgniter\CodeIgniter->runController(Object(App\Controllers\Approve))
#14 C:\xampp\htdocs\characterlist\system\CodeIgniter.php(336): CodeIgniter\CodeIgniter->handleRequest(NULL, Object(Config\Cache), false)
#15 C:\xampp\htdocs\characterlist\index.php(37): CodeIgniter\CodeIgniter->run()
#16 {main}
CRITICAL - 2021-07-17 09:08:52 --> Undefined variable: preSeriesList
#0 C:\xampp\htdocs\characterlist\app\Views\home.php(2): CodeIgniter\Debug\Exceptions->errorHandler(8, 'Undefined varia...', 'C:\\xampp\\htdocs...', 2, Array)
#1 C:\xampp\htdocs\characterlist\system\View\View.php(230): include('C:\\xampp\\htdocs...')
#2 C:\xampp\htdocs\characterlist\system\View\View.php(232): CodeIgniter\View\View->CodeIgniter\View\{closure}()
#3 C:\xampp\htdocs\characterlist\system\Common.php(1271): CodeIgniter\View\View->render('home', Array, true)
#4 C:\xampp\htdocs\characterlist\app\Controllers\Home.php(10): view('home')
#5 C:\xampp\htdocs\characterlist\system\CodeIgniter.php(928): App\Controllers\Home->index()
#6 C:\xampp\htdocs\characterlist\system\CodeIgniter.php(436): CodeIgniter\CodeIgniter->runController(Object(App\Controllers\Home))
#7 C:\xampp\htdocs\characterlist\system\CodeIgniter.php(336): CodeIgniter\CodeIgniter->handleRequest(NULL, Object(Config\Cache), false)
#8 C:\xampp\htdocs\characterlist\index.php(37): CodeIgniter\CodeIgniter->run()
#9 {main}
CRITICAL - 2021-07-17 09:15:23 --> Undefined variable: _SESSION
#0 C:\xampp\htdocs\characterlist\app\Controllers\Dashboard.php(12): CodeIgniter\Debug\Exceptions->errorHandler(8, 'Undefined varia...', 'C:\\xampp\\htdocs...', 12, Array)
#1 C:\xampp\htdocs\characterlist\system\CodeIgniter.php(928): App\Controllers\Dashboard->index()
#2 C:\xampp\htdocs\characterlist\system\CodeIgniter.php(436): CodeIgniter\CodeIgniter->runController(Object(App\Controllers\Dashboard))
#3 C:\xampp\htdocs\characterlist\system\CodeIgniter.php(336): CodeIgniter\CodeIgniter->handleRequest(NULL, Object(Config\Cache), false)
#4 C:\xampp\htdocs\characterlist\index.php(37): CodeIgniter\CodeIgniter->run()
#5 {main}
CRITICAL - 2021-07-17 09:15:39 --> SQLSTATE[42601]: Syntax error: 7 ERROR:  syntax error at or near "$1"
LINE 1: ...CT "preseries".*  FROM "preseries"  WHERE user_id $1 LIMIT $...
                                                             ^
#0 C:\xampp\htdocs\characterlist\app\Models\rb.php(1171): RedBeanPHP\Driver\RPDO->runQuery('SELECT "preseri...', Array)
#1 C:\xampp\htdocs\characterlist\app\Models\rb.php(4298): RedBeanPHP\Driver\RPDO->GetAll('SELECT "preseri...', Array)
#2 C:\xampp\htdocs\characterlist\app\Models\rb.php(6528): RedBeanPHP\Adapter\DBAdapter->get('SELECT "preseri...', Array)
#3 C:\xampp\htdocs\characterlist\app\Models\rb.php(9297): RedBeanPHP\QueryWriter\AQueryWriter->queryRecord('preseries', Array, 'user_id :user_i...', Array)
#4 C:\xampp\htdocs\characterlist\app\Models\rb.php(10422): RedBeanPHP\Repository->find('preseries', Array, 'user_id :user_i...', Array)
#5 C:\xampp\htdocs\characterlist\app\Models\rb.php(11051): RedBeanPHP\OODB->find('preseries', Array, 'user_id :user_i...', Array)
#6 C:\xampp\htdocs\characterlist\app\Models\rb.php(13688): RedBeanPHP\Finder->find('preseries', 'user_id :user_i...', Array)
#7 C:\xampp\htdocs\characterlist\app\Models\PreSeriesModel.php(32): RedBeanPHP\Facade::find('preseries', 'user_id :user_i...', Array)
#8 C:\xampp\htdocs\characterlist\app\Controllers\Dashboard.php(13): App\Models\PreSeriesModel->get('1')
#9 C:\xampp\htdocs\characterlist\system\CodeIgniter.php(928): App\Controllers\Dashboard->index()
#10 C:\xampp\htdocs\characterlist\system\CodeIgniter.php(436): CodeIgniter\CodeIgniter->runController(Object(App\Controllers\Dashboard))
#11 C:\xampp\htdocs\characterlist\system\CodeIgniter.php(336): CodeIgniter\CodeIgniter->handleRequest(NULL, Object(Config\Cache), false)
#12 C:\xampp\htdocs\characterlist\index.php(37): CodeIgniter\CodeIgniter->run()
#13 {main}
CRITICAL - 2021-07-17 09:16:05 --> SQLSTATE[42601]: Syntax error: 7 ERROR:  syntax error at or near "$1"
LINE 1: ...T "preseries".*  FROM "preseries"  WHERE  user_id $1 LIMIT $...
                                                             ^
#0 C:\xampp\htdocs\characterlist\app\Models\rb.php(1171): RedBeanPHP\Driver\RPDO->runQuery('SELECT "preseri...', Array)
#1 C:\xampp\htdocs\characterlist\app\Models\rb.php(4298): RedBeanPHP\Driver\RPDO->GetAll('SELECT "preseri...', Array)
#2 C:\xampp\htdocs\characterlist\app\Models\rb.php(6528): RedBeanPHP\Adapter\DBAdapter->get('SELECT "preseri...', Array)
#3 C:\xampp\htdocs\characterlist\app\Models\rb.php(9297): RedBeanPHP\QueryWriter\AQueryWriter->queryRecord('preseries', Array, ' user_id :user_...', Array)
#4 C:\xampp\htdocs\characterlist\app\Models\rb.php(10422): RedBeanPHP\Repository->find('preseries', Array, ' user_id :user_...', Array)
#5 C:\xampp\htdocs\characterlist\app\Models\rb.php(11051): RedBeanPHP\OODB->find('preseries', Array, ' user_id :user_...', Array)
#6 C:\xampp\htdocs\characterlist\app\Models\rb.php(13688): RedBeanPHP\Finder->find('preseries', ' user_id :user_...', Array)
#7 C:\xampp\htdocs\characterlist\app\Models\PreSeriesModel.php(32): RedBeanPHP\Facade::find('preseries', ' user_id :user_...', Array)
#8 C:\xampp\htdocs\characterlist\app\Controllers\Dashboard.php(13): App\Models\PreSeriesModel->get('1')
#9 C:\xampp\htdocs\characterlist\system\CodeIgniter.php(928): App\Controllers\Dashboard->index()
#10 C:\xampp\htdocs\characterlist\system\CodeIgniter.php(436): CodeIgniter\CodeIgniter->runController(Object(App\Controllers\Dashboard))
#11 C:\xampp\htdocs\characterlist\system\CodeIgniter.php(336): CodeIgniter\CodeIgniter->handleRequest(NULL, Object(Config\Cache), false)
#12 C:\xampp\htdocs\characterlist\index.php(37): CodeIgniter\CodeIgniter->run()
#13 {main}
CRITICAL - 2021-07-17 09:17:20 --> SQLSTATE[42601]: Syntax error: 7 ERROR:  syntax error at or near "$1"
LINE 1: ...T "preseries".*  FROM "preseries"  WHERE  user_id $1 LIMIT $...
                                                             ^
#0 C:\xampp\htdocs\characterlist\app\Models\rb.php(1171): RedBeanPHP\Driver\RPDO->runQuery('SELECT "preseri...', Array)
#1 C:\xampp\htdocs\characterlist\app\Models\rb.php(4298): RedBeanPHP\Driver\RPDO->GetAll('SELECT "preseri...', Array)
#2 C:\xampp\htdocs\characterlist\app\Models\rb.php(6528): RedBeanPHP\Adapter\DBAdapter->get('SELECT "preseri...', Array)
#3 C:\xampp\htdocs\characterlist\app\Models\rb.php(9297): RedBeanPHP\QueryWriter\AQueryWriter->queryRecord('preseries', Array, ' user_id :user_...', Array)
#4 C:\xampp\htdocs\characterlist\app\Models\rb.php(10422): RedBeanPHP\Repository->find('preseries', Array, ' user_id :user_...', Array)
#5 C:\xampp\htdocs\characterlist\app\Models\rb.php(11051): RedBeanPHP\OODB->find('preseries', Array, ' user_id :user_...', Array)
#6 C:\xampp\htdocs\characterlist\app\Models\rb.php(13688): RedBeanPHP\Finder->find('preseries', ' user_id :user_...', Array)
#7 C:\xampp\htdocs\characterlist\app\Models\PreSeriesModel.php(32): RedBeanPHP\Facade::find('preseries', ' user_id :user_...', Array)
#8 C:\xampp\htdocs\characterlist\app\Controllers\Dashboard.php(13): App\Models\PreSeriesModel->get('1')
#9 C:\xampp\htdocs\characterlist\system\CodeIgniter.php(928): App\Controllers\Dashboard->index()
#10 C:\xampp\htdocs\characterlist\system\CodeIgniter.php(436): CodeIgniter\CodeIgniter->runController(Object(App\Controllers\Dashboard))
#11 C:\xampp\htdocs\characterlist\system\CodeIgniter.php(336): CodeIgniter\CodeIgniter->handleRequest(NULL, Object(Config\Cache), false)
#12 C:\xampp\htdocs\characterlist\index.php(37): CodeIgniter\CodeIgniter->run()
#13 {main}
CRITICAL - 2021-07-17 09:17:38 --> SQLSTATE[42601]: Syntax error: 7 ERROR:  syntax error at or near "$1"
LINE 1: ...T "preseries".*  FROM "preseries"  WHERE  user_id $1 LIMIT $...
                                                             ^
#0 C:\xampp\htdocs\characterlist\app\Models\rb.php(1171): RedBeanPHP\Driver\RPDO->runQuery('SELECT "preseri...', Array)
#1 C:\xampp\htdocs\characterlist\app\Models\rb.php(4298): RedBeanPHP\Driver\RPDO->GetAll('SELECT "preseri...', Array)
#2 C:\xampp\htdocs\characterlist\app\Models\rb.php(6528): RedBeanPHP\Adapter\DBAdapter->get('SELECT "preseri...', Array)
#3 C:\xampp\htdocs\characterlist\app\Models\rb.php(9297): RedBeanPHP\QueryWriter\AQueryWriter->queryRecord('preseries', Array, ' user_id :user_...', Array)
#4 C:\xampp\htdocs\characterlist\app\Models\rb.php(10422): RedBeanPHP\Repository->find('preseries', Array, ' user_id :user_...', Array)
#5 C:\xampp\htdocs\characterlist\app\Models\rb.php(11051): RedBeanPHP\OODB->find('preseries', Array, ' user_id :user_...', Array)
#6 C:\xampp\htdocs\characterlist\app\Models\rb.php(13688): RedBeanPHP\Finder->find('preseries', ' user_id :user_...', Array)
#7 C:\xampp\htdocs\characterlist\app\Models\PreSeriesModel.php(33): RedBeanPHP\Facade::find('preseries', ' user_id :user_...', Array)
#8 C:\xampp\htdocs\characterlist\app\Controllers\Dashboard.php(13): App\Models\PreSeriesModel->get('1')
#9 C:\xampp\htdocs\characterlist\system\CodeIgniter.php(928): App\Controllers\Dashboard->index()
#10 C:\xampp\htdocs\characterlist\system\CodeIgniter.php(436): CodeIgniter\CodeIgniter->runController(Object(App\Controllers\Dashboard))
#11 C:\xampp\htdocs\characterlist\system\CodeIgniter.php(336): CodeIgniter\CodeIgniter->handleRequest(NULL, Object(Config\Cache), false)
#12 C:\xampp\htdocs\characterlist\index.php(37): CodeIgniter\CodeIgniter->run()
#13 {main}
CRITICAL - 2021-07-17 09:22:14 --> Undefined index: accessLevel
#0 C:\xampp\htdocs\characterlist\app\Views\dashboard.php(29): CodeIgniter\Debug\Exceptions->errorHandler(8, 'Undefined index...', 'C:\\xampp\\htdocs...', 29, Array)
#1 C:\xampp\htdocs\characterlist\system\View\View.php(230): include('C:\\xampp\\htdocs...')
#2 C:\xampp\htdocs\characterlist\system\View\View.php(232): CodeIgniter\View\View->CodeIgniter\View\{closure}()
#3 C:\xampp\htdocs\characterlist\system\Common.php(1271): CodeIgniter\View\View->render('dashboard', Array, true)
#4 C:\xampp\htdocs\characterlist\app\Controllers\Dashboard.php(16): view('dashboard', Array)
#5 C:\xampp\htdocs\characterlist\system\CodeIgniter.php(928): App\Controllers\Dashboard->index()
#6 C:\xampp\htdocs\characterlist\system\CodeIgniter.php(436): CodeIgniter\CodeIgniter->runController(Object(App\Controllers\Dashboard))
#7 C:\xampp\htdocs\characterlist\system\CodeIgniter.php(336): CodeIgniter\CodeIgniter->handleRequest(NULL, Object(Config\Cache), false)
#8 C:\xampp\htdocs\characterlist\index.php(37): CodeIgniter\CodeIgniter->run()
#9 {main}
CRITICAL - 2021-07-17 09:25:37 --> Undefined variable: successMsg
#0 C:\xampp\htdocs\characterlist\app\Views\addcharacter.php(16): CodeIgniter\Debug\Exceptions->errorHandler(8, 'Undefined varia...', 'C:\\xampp\\htdocs...', 16, Array)
#1 C:\xampp\htdocs\characterlist\system\View\View.php(230): include('C:\\xampp\\htdocs...')
#2 C:\xampp\htdocs\characterlist\system\View\View.php(232): CodeIgniter\View\View->CodeIgniter\View\{closure}()
#3 C:\xampp\htdocs\characterlist\system\Common.php(1271): CodeIgniter\View\View->render('addcharacter', Array, true)
#4 C:\xampp\htdocs\characterlist\app\Controllers\AddCharacter.php(17): view('addcharacter')
#5 C:\xampp\htdocs\characterlist\system\CodeIgniter.php(928): App\Controllers\AddCharacter->index()
#6 C:\xampp\htdocs\characterlist\system\CodeIgniter.php(436): CodeIgniter\CodeIgniter->runController(Object(App\Controllers\AddCharacter))
#7 C:\xampp\htdocs\characterlist\system\CodeIgniter.php(336): CodeIgniter\CodeIgniter->handleRequest(NULL, Object(Config\Cache), false)
#8 C:\xampp\htdocs\characterlist\index.php(37): CodeIgniter\CodeIgniter->run()
#9 {main}
CRITICAL - 2021-07-17 10:04:09 --> Undefined variable: _SESSION
#0 C:\xampp\htdocs\characterlist\app\Controllers\AddCharacter.php(18): CodeIgniter\Debug\Exceptions->errorHandler(8, 'Undefined varia...', 'C:\\xampp\\htdocs...', 18, Array)
#1 C:\xampp\htdocs\characterlist\system\CodeIgniter.php(928): App\Controllers\AddCharacter->index()
#2 C:\xampp\htdocs\characterlist\system\CodeIgniter.php(436): CodeIgniter\CodeIgniter->runController(Object(App\Controllers\AddCharacter))
#3 C:\xampp\htdocs\characterlist\system\CodeIgniter.php(336): CodeIgniter\CodeIgniter->handleRequest(NULL, Object(Config\Cache), false)
#4 C:\xampp\htdocs\characterlist\index.php(37): CodeIgniter\CodeIgniter->run()
#5 {main}
CRITICAL - 2021-07-17 10:39:55 --> Undefined index: user_id
#0 C:\xampp\htdocs\characterlist\app\Controllers\AddCharacter.php(20): CodeIgniter\Debug\Exceptions->errorHandler(8, 'Undefined index...', 'C:\\xampp\\htdocs...', 20, Array)
#1 C:\xampp\htdocs\characterlist\system\CodeIgniter.php(928): App\Controllers\AddCharacter->index()
#2 C:\xampp\htdocs\characterlist\system\CodeIgniter.php(436): CodeIgniter\CodeIgniter->runController(Object(App\Controllers\AddCharacter))
#3 C:\xampp\htdocs\characterlist\system\CodeIgniter.php(336): CodeIgniter\CodeIgniter->handleRequest(NULL, Object(Config\Cache), false)
#4 C:\xampp\htdocs\characterlist\index.php(37): CodeIgniter\CodeIgniter->run()
#5 {main}
CRITICAL - 2021-07-17 10:48:02 --> session_start(): A session had already been started - ignoring
#0 [internal function]: CodeIgniter\Debug\Exceptions->errorHandler(8, 'session_start()...', 'C:\\xampp\\htdocs...', 17, Array)
#1 C:\xampp\htdocs\characterlist\app\Models\PreCharModel.php(17): session_start()
#2 C:\xampp\htdocs\characterlist\app\Controllers\AddCharacter.php(63): App\Models\PreCharModel->insert()
#3 C:\xampp\htdocs\characterlist\system\CodeIgniter.php(928): App\Controllers\AddCharacter->index()
#4 C:\xampp\htdocs\characterlist\system\CodeIgniter.php(436): CodeIgniter\CodeIgniter->runController(Object(App\Controllers\AddCharacter))
#5 C:\xampp\htdocs\characterlist\system\CodeIgniter.php(336): CodeIgniter\CodeIgniter->handleRequest(NULL, Object(Config\Cache), false)
#6 C:\xampp\htdocs\characterlist\index.php(37): CodeIgniter\CodeIgniter->run()
#7 {main}
CRITICAL - 2021-07-17 11:10:26 --> Undefined variable: preSeriesList
#0 C:\xampp\htdocs\characterlist\app\Views\addcharacter.php(44): CodeIgniter\Debug\Exceptions->errorHandler(8, 'Undefined varia...', 'C:\\xampp\\htdocs...', 44, Array)
#1 C:\xampp\htdocs\characterlist\system\View\View.php(230): include('C:\\xampp\\htdocs...')
#2 C:\xampp\htdocs\characterlist\system\View\View.php(232): CodeIgniter\View\View->CodeIgniter\View\{closure}()
#3 C:\xampp\htdocs\characterlist\system\Common.php(1271): CodeIgniter\View\View->render('addcharacter', Array, true)
#4 C:\xampp\htdocs\characterlist\app\Controllers\AddCharacter.php(106): view('addcharacter', Array)
#5 C:\xampp\htdocs\characterlist\system\CodeIgniter.php(928): App\Controllers\AddCharacter->edit('5')
#6 C:\xampp\htdocs\characterlist\system\CodeIgniter.php(436): CodeIgniter\CodeIgniter->runController(Object(App\Controllers\AddCharacter))
#7 C:\xampp\htdocs\characterlist\system\CodeIgniter.php(336): CodeIgniter\CodeIgniter->handleRequest(NULL, Object(Config\Cache), false)
#8 C:\xampp\htdocs\characterlist\index.php(37): CodeIgniter\CodeIgniter->run()
#9 {main}
CRITICAL - 2021-07-17 11:11:40 --> Undefined variable: _SESSION
#0 C:\xampp\htdocs\characterlist\app\Controllers\AddCharacter.php(81): CodeIgniter\Debug\Exceptions->errorHandler(8, 'Undefined varia...', 'C:\\xampp\\htdocs...', 81, Array)
#1 C:\xampp\htdocs\characterlist\system\CodeIgniter.php(928): App\Controllers\AddCharacter->edit('5')
#2 C:\xampp\htdocs\characterlist\system\CodeIgniter.php(436): CodeIgniter\CodeIgniter->runController(Object(App\Controllers\AddCharacter))
#3 C:\xampp\htdocs\characterlist\system\CodeIgniter.php(336): CodeIgniter\CodeIgniter->handleRequest(NULL, Object(Config\Cache), false)
#4 C:\xampp\htdocs\characterlist\index.php(37): CodeIgniter\CodeIgniter->run()
#5 {main}
CRITICAL - 2021-07-17 11:16:21 --> syntax error, unexpected '}', expecting ';' or ','
#0 C:\xampp\htdocs\characterlist\system\Router\Router.php(169): CodeIgniter\Router\Router->autoRoute('addcharacter/ed...')
#1 C:\xampp\htdocs\characterlist\system\CodeIgniter.php(809): CodeIgniter\Router\Router->handle('addcharacter/ed...')
#2 C:\xampp\htdocs\characterlist\system\CodeIgniter.php(389): CodeIgniter\CodeIgniter->tryToRouteIt(Object(CodeIgniter\Router\RouteCollection))
#3 C:\xampp\htdocs\characterlist\system\CodeIgniter.php(336): CodeIgniter\CodeIgniter->handleRequest(NULL, Object(Config\Cache), false)
#4 C:\xampp\htdocs\characterlist\index.php(37): CodeIgniter\CodeIgniter->run()
#5 {main}
CRITICAL - 2021-07-17 11:16:30 --> Undefined offset: 1
#0 C:\xampp\htdocs\characterlist\app\Controllers\AddCharacter.php(105): CodeIgniter\Debug\Exceptions->errorHandler(8, 'Undefined offse...', 'C:\\xampp\\htdocs...', 105, Array)
#1 C:\xampp\htdocs\characterlist\system\CodeIgniter.php(928): App\Controllers\AddCharacter->edit('5')
#2 C:\xampp\htdocs\characterlist\system\CodeIgniter.php(436): CodeIgniter\CodeIgniter->runController(Object(App\Controllers\AddCharacter))
#3 C:\xampp\htdocs\characterlist\system\CodeIgniter.php(336): CodeIgniter\CodeIgniter->handleRequest(NULL, Object(Config\Cache), false)
#4 C:\xampp\htdocs\characterlist\index.php(37): CodeIgniter\CodeIgniter->run()
#5 {main}
CRITICAL - 2021-07-17 11:17:57 --> A non-numeric value encountered
#0 C:\xampp\htdocs\characterlist\app\Controllers\AddCharacter.php(95): CodeIgniter\Debug\Exceptions->errorHandler(2, 'A non-numeric v...', 'C:\\xampp\\htdocs...', 95, Array)
#1 C:\xampp\htdocs\characterlist\system\CodeIgniter.php(928): App\Controllers\AddCharacter->edit('5')
#2 C:\xampp\htdocs\characterlist\system\CodeIgniter.php(436): CodeIgniter\CodeIgniter->runController(Object(App\Controllers\AddCharacter))
#3 C:\xampp\htdocs\characterlist\system\CodeIgniter.php(336): CodeIgniter\CodeIgniter->handleRequest(NULL, Object(Config\Cache), false)
#4 C:\xampp\htdocs\characterlist\index.php(37): CodeIgniter\CodeIgniter->run()
#5 {main}
CRITICAL - 2021-07-17 11:18:15 --> Undefined offset: 1
#0 C:\xampp\htdocs\characterlist\app\Controllers\AddCharacter.php(104): CodeIgniter\Debug\Exceptions->errorHandler(8, 'Undefined offse...', 'C:\\xampp\\htdocs...', 104, Array)
#1 C:\xampp\htdocs\characterlist\system\CodeIgniter.php(928): App\Controllers\AddCharacter->edit('5')
#2 C:\xampp\htdocs\characterlist\system\CodeIgniter.php(436): CodeIgniter\CodeIgniter->runController(Object(App\Controllers\AddCharacter))
#3 C:\xampp\htdocs\characterlist\system\CodeIgniter.php(336): CodeIgniter\CodeIgniter->handleRequest(NULL, Object(Config\Cache), false)
#4 C:\xampp\htdocs\characterlist\index.php(37): CodeIgniter\CodeIgniter->run()
#5 {main}
CRITICAL - 2021-07-17 11:26:49 --> Undefined variable: seriesId
#0 C:\xampp\htdocs\characterlist\app\Views\addcharacter.php(45): CodeIgniter\Debug\Exceptions->errorHandler(8, 'Undefined varia...', 'C:\\xampp\\htdocs...', 45, Array)
#1 C:\xampp\htdocs\characterlist\system\View\View.php(230): include('C:\\xampp\\htdocs...')
#2 C:\xampp\htdocs\characterlist\system\View\View.php(232): CodeIgniter\View\View->CodeIgniter\View\{closure}()
#3 C:\xampp\htdocs\characterlist\system\Common.php(1271): CodeIgniter\View\View->render('addcharacter', Array, true)
#4 C:\xampp\htdocs\characterlist\app\Controllers\AddCharacter.php(69): view('addcharacter', Array)
#5 C:\xampp\htdocs\characterlist\system\CodeIgniter.php(928): App\Controllers\AddCharacter->index()
#6 C:\xampp\htdocs\characterlist\system\CodeIgniter.php(436): CodeIgniter\CodeIgniter->runController(Object(App\Controllers\AddCharacter))
#7 C:\xampp\htdocs\characterlist\system\CodeIgniter.php(336): CodeIgniter\CodeIgniter->handleRequest(NULL, Object(Config\Cache), false)
#8 C:\xampp\htdocs\characterlist\index.php(37): CodeIgniter\CodeIgniter->run()
#9 {main}
CRITICAL - 2021-07-17 11:27:14 --> Undefined variable: action
#0 C:\xampp\htdocs\characterlist\app\Views\addcharacter.php(61): CodeIgniter\Debug\Exceptions->errorHandler(8, 'Undefined varia...', 'C:\\xampp\\htdocs...', 61, Array)
#1 C:\xampp\htdocs\characterlist\system\View\View.php(230): include('C:\\xampp\\htdocs...')
#2 C:\xampp\htdocs\characterlist\system\View\View.php(232): CodeIgniter\View\View->CodeIgniter\View\{closure}()
#3 C:\xampp\htdocs\characterlist\system\Common.php(1271): CodeIgniter\View\View->render('addcharacter', Array, true)
#4 C:\xampp\htdocs\characterlist\app\Controllers\AddCharacter.php(70): view('addcharacter', Array)
#5 C:\xampp\htdocs\characterlist\system\CodeIgniter.php(928): App\Controllers\AddCharacter->index()
#6 C:\xampp\htdocs\characterlist\system\CodeIgniter.php(436): CodeIgniter\CodeIgniter->runController(Object(App\Controllers\AddCharacter))
#7 C:\xampp\htdocs\characterlist\system\CodeIgniter.php(336): CodeIgniter\CodeIgniter->handleRequest(NULL, Object(Config\Cache), false)
#8 C:\xampp\htdocs\characterlist\index.php(37): CodeIgniter\CodeIgniter->run()
#9 {main}
CRITICAL - 2021-07-17 11:37:42 --> session_start(): A session had already been started - ignoring
#0 [internal function]: CodeIgniter\Debug\Exceptions->errorHandler(8, 'session_start()...', 'C:\\xampp\\htdocs...', 34, Array)
#1 C:\xampp\htdocs\characterlist\app\Models\PreCharModel.php(34): session_start()
#2 C:\xampp\htdocs\characterlist\app\Controllers\AddCharacter.php(127): App\Models\PreCharModel->edit('5')
#3 C:\xampp\htdocs\characterlist\system\CodeIgniter.php(928): App\Controllers\AddCharacter->edit('5')
#4 C:\xampp\htdocs\characterlist\system\CodeIgniter.php(436): CodeIgniter\CodeIgniter->runController(Object(App\Controllers\AddCharacter))
#5 C:\xampp\htdocs\characterlist\system\CodeIgniter.php(336): CodeIgniter\CodeIgniter->handleRequest(NULL, Object(Config\Cache), false)
#6 C:\xampp\htdocs\characterlist\index.php(37): CodeIgniter\CodeIgniter->run()
#7 {main}
CRITICAL - 2021-07-17 11:38:07 --> Cannot cast to bean.
#0 C:\xampp\htdocs\characterlist\app\Models\PreCharModel.php(43): RedBeanPHP\OODBBean->__set('series', 'series,2')
#1 C:\xampp\htdocs\characterlist\app\Controllers\AddCharacter.php(127): App\Models\PreCharModel->edit('5')
#2 C:\xampp\htdocs\characterlist\system\CodeIgniter.php(928): App\Controllers\AddCharacter->edit('5')
#3 C:\xampp\htdocs\characterlist\system\CodeIgniter.php(436): CodeIgniter\CodeIgniter->runController(Object(App\Controllers\AddCharacter))
#4 C:\xampp\htdocs\characterlist\system\CodeIgniter.php(336): CodeIgniter\CodeIgniter->handleRequest(NULL, Object(Config\Cache), false)
#5 C:\xampp\htdocs\characterlist\index.php(37): CodeIgniter\CodeIgniter->run()
#6 {main}
CRITICAL - 2021-07-17 11:40:01 --> Cannot cast to bean.
#0 C:\xampp\htdocs\characterlist\app\Models\PreCharModel.php(43): RedBeanPHP\OODBBean->__set('series', 'series,2')
#1 C:\xampp\htdocs\characterlist\app\Controllers\AddCharacter.php(126): App\Models\PreCharModel->edit('5')
#2 C:\xampp\htdocs\characterlist\system\CodeIgniter.php(928): App\Controllers\AddCharacter->edit('5')
#3 C:\xampp\htdocs\characterlist\system\CodeIgniter.php(436): CodeIgniter\CodeIgniter->runController(Object(App\Controllers\AddCharacter))
#4 C:\xampp\htdocs\characterlist\system\CodeIgniter.php(336): CodeIgniter\CodeIgniter->handleRequest(NULL, Object(Config\Cache), false)
#5 C:\xampp\htdocs\characterlist\index.php(37): CodeIgniter\CodeIgniter->run()
#6 {main}
CRITICAL - 2021-07-17 11:41:37 --> Cannot cast to bean.
#0 C:\xampp\htdocs\characterlist\app\Models\PreCharModel.php(44): RedBeanPHP\OODBBean->__set('series', 'series,2')
#1 C:\xampp\htdocs\characterlist\app\Controllers\AddCharacter.php(126): App\Models\PreCharModel->edit('5')
#2 C:\xampp\htdocs\characterlist\system\CodeIgniter.php(928): App\Controllers\AddCharacter->edit('5')
#3 C:\xampp\htdocs\characterlist\system\CodeIgniter.php(436): CodeIgniter\CodeIgniter->runController(Object(App\Controllers\AddCharacter))
#4 C:\xampp\htdocs\characterlist\system\CodeIgniter.php(336): CodeIgniter\CodeIgniter->handleRequest(NULL, Object(Config\Cache), false)
#5 C:\xampp\htdocs\characterlist\index.php(37): CodeIgniter\CodeIgniter->run()
#6 {main}
CRITICAL - 2021-07-17 11:42:13 --> Cannot cast to bean.
#0 C:\xampp\htdocs\characterlist\app\Models\PreCharModel.php(44): RedBeanPHP\OODBBean->__set('series', 'series,2')
#1 C:\xampp\htdocs\characterlist\app\Controllers\AddCharacter.php(126): App\Models\PreCharModel->edit('5')
#2 C:\xampp\htdocs\characterlist\system\CodeIgniter.php(928): App\Controllers\AddCharacter->edit('5')
#3 C:\xampp\htdocs\characterlist\system\CodeIgniter.php(436): CodeIgniter\CodeIgniter->runController(Object(App\Controllers\AddCharacter))
#4 C:\xampp\htdocs\characterlist\system\CodeIgniter.php(336): CodeIgniter\CodeIgniter->handleRequest(NULL, Object(Config\Cache), false)
#5 C:\xampp\htdocs\characterlist\index.php(37): CodeIgniter\CodeIgniter->run()
#6 {main}
CRITICAL - 2021-07-17 11:44:16 --> SQLSTATE[22P02]: Invalid text representation: 7 ERROR:  invalid input syntax for integer: "series,2"
#0 C:\xampp\htdocs\characterlist\app\Models\rb.php(1171): RedBeanPHP\Driver\RPDO->runQuery('SELECT "series"...', Array)
#1 C:\xampp\htdocs\characterlist\app\Models\rb.php(4298): RedBeanPHP\Driver\RPDO->GetAll('SELECT "series"...', Array)
#2 C:\xampp\htdocs\characterlist\app\Models\rb.php(6528): RedBeanPHP\Adapter\DBAdapter->get('SELECT "series"...', Array)
#3 C:\xampp\htdocs\characterlist\app\Models\rb.php(9884): RedBeanPHP\QueryWriter\AQueryWriter->queryRecord('series', Array)
#4 C:\xampp\htdocs\characterlist\app\Models\rb.php(10508): RedBeanPHP\Repository\Fluid->load('series', 'series,2')
#5 C:\xampp\htdocs\characterlist\app\Models\rb.php(13442): RedBeanPHP\OODB->load('series', 'series,2')
#6 C:\xampp\htdocs\characterlist\app\Models\PreCharModel.php(43): RedBeanPHP\Facade::load('series', 'series,2')
#7 C:\xampp\htdocs\characterlist\app\Controllers\AddCharacter.php(126): App\Models\PreCharModel->edit('5')
#8 C:\xampp\htdocs\characterlist\system\CodeIgniter.php(928): App\Controllers\AddCharacter->edit('5')
#9 C:\xampp\htdocs\characterlist\system\CodeIgniter.php(436): CodeIgniter\CodeIgniter->runController(Object(App\Controllers\AddCharacter))
#10 C:\xampp\htdocs\characterlist\system\CodeIgniter.php(336): CodeIgniter\CodeIgniter->handleRequest(NULL, Object(Config\Cache), false)
#11 C:\xampp\htdocs\characterlist\index.php(37): CodeIgniter\CodeIgniter->run()
#12 {main}
CRITICAL - 2021-07-17 12:24:13 --> SQLSTATE[42601]: Syntax error: 7 ERROR:  syntax error at or near "series_id"
LINE 1: SELECT "char".*  FROM "char"  ORDER BY name series_id = $1 O...
                                                    ^
#0 C:\xampp\htdocs\characterlist\app\Models\rb.php(1171): RedBeanPHP\Driver\RPDO->runQuery('SELECT "char".*...', Array)
#1 C:\xampp\htdocs\characterlist\app\Models\rb.php(4298): RedBeanPHP\Driver\RPDO->GetAll('SELECT "char".*...', Array)
#2 C:\xampp\htdocs\characterlist\app\Models\rb.php(6528): RedBeanPHP\Adapter\DBAdapter->get('SELECT "char".*...', Array)
#3 C:\xampp\htdocs\characterlist\app\Models\rb.php(9297): RedBeanPHP\QueryWriter\AQueryWriter->queryRecord('char', Array, ' ORDER BY name ...', Array)
#4 C:\xampp\htdocs\characterlist\app\Models\rb.php(10422): RedBeanPHP\Repository->find('char', Array, ' ORDER BY name ...', Array)
#5 C:\xampp\htdocs\characterlist\app\Models\rb.php(11051): RedBeanPHP\OODB->find('char', Array, ' ORDER BY name ...', Array)
#6 C:\xampp\htdocs\characterlist\app\Models\rb.php(13688): RedBeanPHP\Finder->find('char', ' ORDER BY name ...', Array)
#7 C:\xampp\htdocs\characterlist\app\Models\CharModel.php(37): RedBeanPHP\Facade::find('char', ' ORDER BY name ...', Array)
#8 C:\xampp\htdocs\characterlist\app\Controllers\Home.php(17): App\Models\CharModel->findByIdSeries(10, 0, ' ORDER BY name', NULL)
#9 C:\xampp\htdocs\characterlist\system\CodeIgniter.php(928): App\Controllers\Home->index()
#10 C:\xampp\htdocs\characterlist\system\CodeIgniter.php(436): CodeIgniter\CodeIgniter->runController(Object(App\Controllers\Home))
#11 C:\xampp\htdocs\characterlist\system\CodeIgniter.php(336): CodeIgniter\CodeIgniter->handleRequest(NULL, Object(Config\Cache), false)
#12 C:\xampp\htdocs\characterlist\index.php(37): CodeIgniter\CodeIgniter->run()
#13 {main}
CRITICAL - 2021-07-17 12:25:39 --> array_push() expects parameter 1 to be array, object given
#0 [internal function]: CodeIgniter\Debug\Exceptions->errorHandler(2, 'array_push() ex...', 'C:\\xampp\\htdocs...', 18, Array)
#1 C:\xampp\htdocs\characterlist\app\Controllers\Home.php(18): array_push(Object(RedBeanPHP\OODBBean), Array)
#2 C:\xampp\htdocs\characterlist\system\CodeIgniter.php(928): App\Controllers\Home->index()
#3 C:\xampp\htdocs\characterlist\system\CodeIgniter.php(436): CodeIgniter\CodeIgniter->runController(Object(App\Controllers\Home))
#4 C:\xampp\htdocs\characterlist\system\CodeIgniter.php(336): CodeIgniter\CodeIgniter->handleRequest(NULL, Object(Config\Cache), false)
#5 C:\xampp\htdocs\characterlist\index.php(37): CodeIgniter\CodeIgniter->run()
#6 {main}
CRITICAL - 2021-07-17 12:26:25 --> array_push() expects parameter 1 to be array, object given
#0 [internal function]: CodeIgniter\Debug\Exceptions->errorHandler(2, 'array_push() ex...', 'C:\\xampp\\htdocs...', 18, Array)
#1 C:\xampp\htdocs\characterlist\app\Controllers\Home.php(18): array_push(Object(RedBeanPHP\OODBBean), Array)
#2 C:\xampp\htdocs\characterlist\system\CodeIgniter.php(928): App\Controllers\Home->index()
#3 C:\xampp\htdocs\characterlist\system\CodeIgniter.php(436): CodeIgniter\CodeIgniter->runController(Object(App\Controllers\Home))
#4 C:\xampp\htdocs\characterlist\system\CodeIgniter.php(336): CodeIgniter\CodeIgniter->handleRequest(NULL, Object(Config\Cache), false)
#5 C:\xampp\htdocs\characterlist\index.php(37): CodeIgniter\CodeIgniter->run()
#6 {main}
CRITICAL - 2021-07-17 12:26:30 --> array_push() expects parameter 1 to be array, object given
#0 [internal function]: CodeIgniter\Debug\Exceptions->errorHandler(2, 'array_push() ex...', 'C:\\xampp\\htdocs...', 18, Array)
#1 C:\xampp\htdocs\characterlist\app\Controllers\Home.php(18): array_push(Object(RedBeanPHP\OODBBean), Array)
#2 C:\xampp\htdocs\characterlist\system\CodeIgniter.php(928): App\Controllers\Home->index()
#3 C:\xampp\htdocs\characterlist\system\CodeIgniter.php(436): CodeIgniter\CodeIgniter->runController(Object(App\Controllers\Home))
#4 C:\xampp\htdocs\characterlist\system\CodeIgniter.php(336): CodeIgniter\CodeIgniter->handleRequest(NULL, Object(Config\Cache), false)
#5 C:\xampp\htdocs\characterlist\index.php(37): CodeIgniter\CodeIgniter->run()
#6 {main}
CRITICAL - 2021-07-17 12:27:06 --> array_push() expects parameter 1 to be array, object given
#0 [internal function]: CodeIgniter\Debug\Exceptions->errorHandler(2, 'array_push() ex...', 'C:\\xampp\\htdocs...', 22, Array)
#1 C:\xampp\htdocs\characterlist\app\Controllers\Home.php(22): array_push(Object(RedBeanPHP\OODBBean), Array)
#2 C:\xampp\htdocs\characterlist\system\CodeIgniter.php(928): App\Controllers\Home->index()
#3 C:\xampp\htdocs\characterlist\system\CodeIgniter.php(436): CodeIgniter\CodeIgniter->runController(Object(App\Controllers\Home))
#4 C:\xampp\htdocs\characterlist\system\CodeIgniter.php(336): CodeIgniter\CodeIgniter->handleRequest(NULL, Object(Config\Cache), false)
#5 C:\xampp\htdocs\characterlist\index.php(37): CodeIgniter\CodeIgniter->run()
#6 {main}
CRITICAL - 2021-07-17 12:27:42 --> Cannot pass parameter 1 by reference
#0 C:\xampp\htdocs\characterlist\system\CodeIgniter.php(928): App\Controllers\Home->index()
#1 C:\xampp\htdocs\characterlist\system\CodeIgniter.php(436): CodeIgniter\CodeIgniter->runController(Object(App\Controllers\Home))
#2 C:\xampp\htdocs\characterlist\system\CodeIgniter.php(336): CodeIgniter\CodeIgniter->handleRequest(NULL, Object(Config\Cache), false)
#3 C:\xampp\htdocs\characterlist\index.php(37): CodeIgniter\CodeIgniter->run()
#4 {main}
CRITICAL - 2021-07-17 12:30:14 --> Trying to get property 'chars' of non-object
#0 C:\xampp\htdocs\characterlist\app\Views\home.php(8): CodeIgniter\Debug\Exceptions->errorHandler(8, 'Trying to get p...', 'C:\\xampp\\htdocs...', 8, Array)
#1 C:\xampp\htdocs\characterlist\system\View\View.php(230): include('C:\\xampp\\htdocs...')
#2 C:\xampp\htdocs\characterlist\system\View\View.php(232): CodeIgniter\View\View->CodeIgniter\View\{closure}()
#3 C:\xampp\htdocs\characterlist\system\Common.php(1271): CodeIgniter\View\View->render('home', Array, true)
#4 C:\xampp\htdocs\characterlist\app\Controllers\Home.php(26): view('home', Array)
#5 C:\xampp\htdocs\characterlist\system\CodeIgniter.php(928): App\Controllers\Home->index()
#6 C:\xampp\htdocs\characterlist\system\CodeIgniter.php(436): CodeIgniter\CodeIgniter->runController(Object(App\Controllers\Home))
#7 C:\xampp\htdocs\characterlist\system\CodeIgniter.php(336): CodeIgniter\CodeIgniter->handleRequest(NULL, Object(Config\Cache), false)
#8 C:\xampp\htdocs\characterlist\index.php(37): CodeIgniter\CodeIgniter->run()
#9 {main}
CRITICAL - 2021-07-17 12:30:41 --> Illegal string offset 'chars'
#0 C:\xampp\htdocs\characterlist\app\Views\home.php(8): CodeIgniter\Debug\Exceptions->errorHandler(2, 'Illegal string ...', 'C:\\xampp\\htdocs...', 8, Array)
#1 C:\xampp\htdocs\characterlist\system\View\View.php(230): include('C:\\xampp\\htdocs...')
#2 C:\xampp\htdocs\characterlist\system\View\View.php(232): CodeIgniter\View\View->CodeIgniter\View\{closure}()
#3 C:\xampp\htdocs\characterlist\system\Common.php(1271): CodeIgniter\View\View->render('home', Array, true)
#4 C:\xampp\htdocs\characterlist\app\Controllers\Home.php(26): view('home', Array)
#5 C:\xampp\htdocs\characterlist\system\CodeIgniter.php(928): App\Controllers\Home->index()
#6 C:\xampp\htdocs\characterlist\system\CodeIgniter.php(436): CodeIgniter\CodeIgniter->runController(Object(App\Controllers\Home))
#7 C:\xampp\htdocs\characterlist\system\CodeIgniter.php(336): CodeIgniter\CodeIgniter->handleRequest(NULL, Object(Config\Cache), false)
#8 C:\xampp\htdocs\characterlist\index.php(37): CodeIgniter\CodeIgniter->run()
#9 {main}
CRITICAL - 2021-07-17 12:31:03 --> Illegal string offset 'chars'
#0 C:\xampp\htdocs\characterlist\app\Views\home.php(9): CodeIgniter\Debug\Exceptions->errorHandler(2, 'Illegal string ...', 'C:\\xampp\\htdocs...', 9, Array)
#1 C:\xampp\htdocs\characterlist\system\View\View.php(230): include('C:\\xampp\\htdocs...')
#2 C:\xampp\htdocs\characterlist\system\View\View.php(232): CodeIgniter\View\View->CodeIgniter\View\{closure}()
#3 C:\xampp\htdocs\characterlist\system\Common.php(1271): CodeIgniter\View\View->render('home', Array, true)
#4 C:\xampp\htdocs\characterlist\app\Controllers\Home.php(26): view('home', Array)
#5 C:\xampp\htdocs\characterlist\system\CodeIgniter.php(928): App\Controllers\Home->index()
#6 C:\xampp\htdocs\characterlist\system\CodeIgniter.php(436): CodeIgniter\CodeIgniter->runController(Object(App\Controllers\Home))
#7 C:\xampp\htdocs\characterlist\system\CodeIgniter.php(336): CodeIgniter\CodeIgniter->handleRequest(NULL, Object(Config\Cache), false)
#8 C:\xampp\htdocs\characterlist\index.php(37): CodeIgniter\CodeIgniter->run()
#9 {main}
CRITICAL - 2021-07-17 12:35:58 --> Illegal string offset 'chars'
#0 C:\xampp\htdocs\characterlist\app\Views\home.php(9): CodeIgniter\Debug\Exceptions->errorHandler(2, 'Illegal string ...', 'C:\\xampp\\htdocs...', 9, Array)
#1 C:\xampp\htdocs\characterlist\system\View\View.php(230): include('C:\\xampp\\htdocs...')
#2 C:\xampp\htdocs\characterlist\system\View\View.php(232): CodeIgniter\View\View->CodeIgniter\View\{closure}()
#3 C:\xampp\htdocs\characterlist\system\Common.php(1271): CodeIgniter\View\View->render('home', Array, true)
#4 C:\xampp\htdocs\characterlist\app\Controllers\Home.php(23): view('home', Array)
#5 C:\xampp\htdocs\characterlist\system\CodeIgniter.php(928): App\Controllers\Home->index()
#6 C:\xampp\htdocs\characterlist\system\CodeIgniter.php(436): CodeIgniter\CodeIgniter->runController(Object(App\Controllers\Home))
#7 C:\xampp\htdocs\characterlist\system\CodeIgniter.php(336): CodeIgniter\CodeIgniter->handleRequest(NULL, Object(Config\Cache), false)
#8 C:\xampp\htdocs\characterlist\index.php(37): CodeIgniter\CodeIgniter->run()
#9 {main}
CRITICAL - 2021-07-17 12:36:19 --> Trying to get property 'chars' of non-object
#0 C:\xampp\htdocs\characterlist\app\Views\home.php(9): CodeIgniter\Debug\Exceptions->errorHandler(8, 'Trying to get p...', 'C:\\xampp\\htdocs...', 9, Array)
#1 C:\xampp\htdocs\characterlist\system\View\View.php(230): include('C:\\xampp\\htdocs...')
#2 C:\xampp\htdocs\characterlist\system\View\View.php(232): CodeIgniter\View\View->CodeIgniter\View\{closure}()
#3 C:\xampp\htdocs\characterlist\system\Common.php(1271): CodeIgniter\View\View->render('home', Array, true)
#4 C:\xampp\htdocs\characterlist\app\Controllers\Home.php(23): view('home', Array)
#5 C:\xampp\htdocs\characterlist\system\CodeIgniter.php(928): App\Controllers\Home->index()
#6 C:\xampp\htdocs\characterlist\system\CodeIgniter.php(436): CodeIgniter\CodeIgniter->runController(Object(App\Controllers\Home))
#7 C:\xampp\htdocs\characterlist\system\CodeIgniter.php(336): CodeIgniter\CodeIgniter->handleRequest(NULL, Object(Config\Cache), false)
#8 C:\xampp\htdocs\characterlist\index.php(37): CodeIgniter\CodeIgniter->run()
#9 {main}
CRITICAL - 2021-07-17 12:36:32 --> Illegal string offset 'chars'
#0 C:\xampp\htdocs\characterlist\app\Views\home.php(9): CodeIgniter\Debug\Exceptions->errorHandler(2, 'Illegal string ...', 'C:\\xampp\\htdocs...', 9, Array)
#1 C:\xampp\htdocs\characterlist\system\View\View.php(230): include('C:\\xampp\\htdocs...')
#2 C:\xampp\htdocs\characterlist\system\View\View.php(232): CodeIgniter\View\View->CodeIgniter\View\{closure}()
#3 C:\xampp\htdocs\characterlist\system\Common.php(1271): CodeIgniter\View\View->render('home', Array, true)
#4 C:\xampp\htdocs\characterlist\app\Controllers\Home.php(23): view('home', Array)
#5 C:\xampp\htdocs\characterlist\system\CodeIgniter.php(928): App\Controllers\Home->index()
#6 C:\xampp\htdocs\characterlist\system\CodeIgniter.php(436): CodeIgniter\CodeIgniter->runController(Object(App\Controllers\Home))
#7 C:\xampp\htdocs\characterlist\system\CodeIgniter.php(336): CodeIgniter\CodeIgniter->handleRequest(NULL, Object(Config\Cache), false)
#8 C:\xampp\htdocs\characterlist\index.php(37): CodeIgniter\CodeIgniter->run()
#9 {main}
CRITICAL - 2021-07-17 12:45:10 --> Undefined index: chars
#0 C:\xampp\htdocs\characterlist\app\Views\home.php(6): CodeIgniter\Debug\Exceptions->errorHandler(8, 'Undefined index...', 'C:\\xampp\\htdocs...', 6, Array)
#1 C:\xampp\htdocs\characterlist\system\View\View.php(230): include('C:\\xampp\\htdocs...')
#2 C:\xampp\htdocs\characterlist\system\View\View.php(232): CodeIgniter\View\View->CodeIgniter\View\{closure}()
#3 C:\xampp\htdocs\characterlist\system\Common.php(1271): CodeIgniter\View\View->render('home', Array, true)
#4 C:\xampp\htdocs\characterlist\app\Controllers\Home.php(24): view('home', Array)
#5 C:\xampp\htdocs\characterlist\system\CodeIgniter.php(928): App\Controllers\Home->index()
#6 C:\xampp\htdocs\characterlist\system\CodeIgniter.php(436): CodeIgniter\CodeIgniter->runController(Object(App\Controllers\Home))
#7 C:\xampp\htdocs\characterlist\system\CodeIgniter.php(336): CodeIgniter\CodeIgniter->handleRequest(NULL, Object(Config\Cache), false)
#8 C:\xampp\htdocs\characterlist\index.php(37): CodeIgniter\CodeIgniter->run()
#9 {main}
CRITICAL - 2021-07-17 12:45:31 --> Undefined index: chars
#0 C:\xampp\htdocs\characterlist\app\Views\home.php(6): CodeIgniter\Debug\Exceptions->errorHandler(8, 'Undefined index...', 'C:\\xampp\\htdocs...', 6, Array)
#1 C:\xampp\htdocs\characterlist\system\View\View.php(230): include('C:\\xampp\\htdocs...')
#2 C:\xampp\htdocs\characterlist\system\View\View.php(232): CodeIgniter\View\View->CodeIgniter\View\{closure}()
#3 C:\xampp\htdocs\characterlist\system\Common.php(1271): CodeIgniter\View\View->render('home', Array, true)
#4 C:\xampp\htdocs\characterlist\app\Controllers\Home.php(24): view('home', Array)
#5 C:\xampp\htdocs\characterlist\system\CodeIgniter.php(928): App\Controllers\Home->index()
#6 C:\xampp\htdocs\characterlist\system\CodeIgniter.php(436): CodeIgniter\CodeIgniter->runController(Object(App\Controllers\Home))
#7 C:\xampp\htdocs\characterlist\system\CodeIgniter.php(336): CodeIgniter\CodeIgniter->handleRequest(NULL, Object(Config\Cache), false)
#8 C:\xampp\htdocs\characterlist\index.php(37): CodeIgniter\CodeIgniter->run()
#9 {main}
CRITICAL - 2021-07-17 12:46:18 --> Trying to get property 'chars' of non-object
#0 C:\xampp\htdocs\characterlist\app\Views\home.php(6): CodeIgniter\Debug\Exceptions->errorHandler(8, 'Trying to get p...', 'C:\\xampp\\htdocs...', 6, Array)
#1 C:\xampp\htdocs\characterlist\system\View\View.php(230): include('C:\\xampp\\htdocs...')
#2 C:\xampp\htdocs\characterlist\system\View\View.php(232): CodeIgniter\View\View->CodeIgniter\View\{closure}()
#3 C:\xampp\htdocs\characterlist\system\Common.php(1271): CodeIgniter\View\View->render('home', Array, true)
#4 C:\xampp\htdocs\characterlist\app\Controllers\Home.php(24): view('home', Array)
#5 C:\xampp\htdocs\characterlist\system\CodeIgniter.php(928): App\Controllers\Home->index()
#6 C:\xampp\htdocs\characterlist\system\CodeIgniter.php(436): CodeIgniter\CodeIgniter->runController(Object(App\Controllers\Home))
#7 C:\xampp\htdocs\characterlist\system\CodeIgniter.php(336): CodeIgniter\CodeIgniter->handleRequest(NULL, Object(Config\Cache), false)
#8 C:\xampp\htdocs\characterlist\index.php(37): CodeIgniter\CodeIgniter->run()
#9 {main}
CRITICAL - 2021-07-17 12:55:04 --> Trying to get property 'name' of non-object
#0 C:\xampp\htdocs\characterlist\app\Controllers\AddCharacter.php(93): CodeIgniter\Debug\Exceptions->errorHandler(8, 'Trying to get p...', 'C:\\xampp\\htdocs...', 93, Array)
#1 C:\xampp\htdocs\characterlist\system\CodeIgniter.php(928): App\Controllers\AddCharacter->edit('3')
#2 C:\xampp\htdocs\characterlist\system\CodeIgniter.php(436): CodeIgniter\CodeIgniter->runController(Object(App\Controllers\AddCharacter))
#3 C:\xampp\htdocs\characterlist\system\CodeIgniter.php(336): CodeIgniter\CodeIgniter->handleRequest(NULL, Object(Config\Cache), false)
#4 C:\xampp\htdocs\characterlist\index.php(37): CodeIgniter\CodeIgniter->run()
#5 {main}
CRITICAL - 2021-07-17 12:57:32 --> Trying to get property 'name' of non-object
#0 C:\xampp\htdocs\characterlist\app\Controllers\AddCharacter.php(157): CodeIgniter\Debug\Exceptions->errorHandler(8, 'Trying to get p...', 'C:\\xampp\\htdocs...', 157, Array)
#1 C:\xampp\htdocs\characterlist\system\CodeIgniter.php(928): App\Controllers\AddCharacter->editChar('3')
#2 C:\xampp\htdocs\characterlist\system\CodeIgniter.php(436): CodeIgniter\CodeIgniter->runController(Object(App\Controllers\AddCharacter))
#3 C:\xampp\htdocs\characterlist\system\CodeIgniter.php(336): CodeIgniter\CodeIgniter->handleRequest(NULL, Object(Config\Cache), false)
#4 C:\xampp\htdocs\characterlist\index.php(37): CodeIgniter\CodeIgniter->run()
#5 {main}
CRITICAL - 2021-07-17 13:12:15 --> Trying to get property 'name' of non-object
#0 C:\xampp\htdocs\characterlist\app\Controllers\AddSeries.php(97): CodeIgniter\Debug\Exceptions->errorHandler(8, 'Trying to get p...', 'C:\\xampp\\htdocs...', 97, Array)
#1 C:\xampp\htdocs\characterlist\system\CodeIgniter.php(928): App\Controllers\AddSeries->editSeries('2')
#2 C:\xampp\htdocs\characterlist\system\CodeIgniter.php(436): CodeIgniter\CodeIgniter->runController(Object(App\Controllers\AddSeries))
#3 C:\xampp\htdocs\characterlist\system\CodeIgniter.php(336): CodeIgniter\CodeIgniter->handleRequest(NULL, Object(Config\Cache), false)
#4 C:\xampp\htdocs\characterlist\index.php(37): CodeIgniter\CodeIgniter->run()
#5 {main}
CRITICAL - 2021-07-17 13:24:36 --> Trying to get property 'name' of non-object
#0 C:\xampp\htdocs\characterlist\app\Controllers\AddSeries.php(23): CodeIgniter\Debug\Exceptions->errorHandler(8, 'Trying to get p...', 'C:\\xampp\\htdocs...', 23, Array)
#1 C:\xampp\htdocs\characterlist\system\CodeIgniter.php(928): App\Controllers\AddSeries->index()
#2 C:\xampp\htdocs\characterlist\system\CodeIgniter.php(436): CodeIgniter\CodeIgniter->runController(Object(App\Controllers\AddSeries))
#3 C:\xampp\htdocs\characterlist\system\CodeIgniter.php(336): CodeIgniter\CodeIgniter->handleRequest(NULL, Object(Config\Cache), false)
#4 C:\xampp\htdocs\characterlist\index.php(37): CodeIgniter\CodeIgniter->run()
#5 {main}
CRITICAL - 2021-07-17 14:22:29 --> Object of class RedBeanPHP\OODBBean could not be converted to int
#0 [internal function]: CodeIgniter\Debug\Exceptions->errorHandler(8, 'Object of class...', 'C:\\xampp\\htdocs...', 5527, Array)
#1 C:\xampp\htdocs\characterlist\app\Models\rb.php(5527): intval(Object(RedBeanPHP\OODBBean))
#2 C:\xampp\htdocs\characterlist\app\Models\rb.php(771): RedBeanPHP\QueryWriter\AQueryWriter::canBeTreatedAsInt(Object(RedBeanPHP\OODBBean))
#3 C:\xampp\htdocs\characterlist\app\Models\rb.php(812): RedBeanPHP\Driver\RPDO->bindParams(Object(PDOStatement), Array)
#4 C:\xampp\htdocs\characterlist\app\Models\rb.php(1171): RedBeanPHP\Driver\RPDO->runQuery('SELECT "series"...', Array)
#5 C:\xampp\htdocs\characterlist\app\Models\rb.php(4298): RedBeanPHP\Driver\RPDO->GetAll('SELECT "series"...', Array)
#6 C:\xampp\htdocs\characterlist\app\Models\rb.php(6528): RedBeanPHP\Adapter\DBAdapter->get('SELECT "series"...', Array)
#7 C:\xampp\htdocs\characterlist\app\Models\rb.php(9297): RedBeanPHP\QueryWriter\AQueryWriter->queryRecord('series', Array, ' id = ? LIMIT 1...', Array)
#8 C:\xampp\htdocs\characterlist\app\Models\rb.php(10422): RedBeanPHP\Repository->find('series', Array, ' id = ? LIMIT 1...', Array)
#9 C:\xampp\htdocs\characterlist\app\Models\rb.php(11051): RedBeanPHP\OODB->find('series', Array, ' id = ? LIMIT 1...', Array)
#10 C:\xampp\htdocs\characterlist\app\Models\rb.php(11096): RedBeanPHP\Finder->find('series', ' id = ? LIMIT 1...', Array)
#11 C:\xampp\htdocs\characterlist\app\Models\rb.php(13736): RedBeanPHP\Finder->findOne('series', ' id = ? LIMIT 1...', Array)
#12 C:\xampp\htdocs\characterlist\app\Models\SeriesModel.php(41): RedBeanPHP\Facade::findOne('series', ' id = ?', Array)
#13 C:\xampp\htdocs\characterlist\app\Controllers\Approve.php(29): App\Models\SeriesModel->findOne(Object(RedBeanPHP\OODBBean))
#14 C:\xampp\htdocs\characterlist\system\CodeIgniter.php(928): App\Controllers\Approve->PreSeries('9')
#15 C:\xampp\htdocs\characterlist\system\CodeIgniter.php(436): CodeIgniter\CodeIgniter->runController(Object(App\Controllers\Approve))
#16 C:\xampp\htdocs\characterlist\system\CodeIgniter.php(336): CodeIgniter\CodeIgniter->handleRequest(NULL, Object(Config\Cache), false)
#17 C:\xampp\htdocs\characterlist\index.php(37): CodeIgniter\CodeIgniter->run()
#18 {main}
CRITICAL - 2021-07-17 14:36:18 --> Trying to get property 'previousSeries' of non-object
#0 C:\xampp\htdocs\characterlist\app\Controllers\Approve.php(27): CodeIgniter\Debug\Exceptions->errorHandler(8, 'Trying to get p...', 'C:\\xampp\\htdocs...', 27, Array)
#1 C:\xampp\htdocs\characterlist\system\CodeIgniter.php(928): App\Controllers\Approve->PreSeries('12')
#2 C:\xampp\htdocs\characterlist\system\CodeIgniter.php(436): CodeIgniter\CodeIgniter->runController(Object(App\Controllers\Approve))
#3 C:\xampp\htdocs\characterlist\system\CodeIgniter.php(336): CodeIgniter\CodeIgniter->handleRequest(NULL, Object(Config\Cache), false)
#4 C:\xampp\htdocs\characterlist\index.php(37): CodeIgniter\CodeIgniter->run()
#5 {main}
CRITICAL - 2021-07-17 14:42:48 --> session_start(): A session had already been started - ignoring
#0 [internal function]: CodeIgniter\Debug\Exceptions->errorHandler(8, 'session_start()...', 'C:\\xampp\\htdocs...', 27, Array)
#1 C:\xampp\htdocs\characterlist\app\Models\SeriesModel.php(27): session_start()
#2 C:\xampp\htdocs\characterlist\app\Controllers\Approve.php(31): App\Models\SeriesModel->edit('4')
#3 C:\xampp\htdocs\characterlist\system\CodeIgniter.php(928): App\Controllers\Approve->PreSeries('12')
#4 C:\xampp\htdocs\characterlist\system\CodeIgniter.php(436): CodeIgniter\CodeIgniter->runController(Object(App\Controllers\Approve))
#5 C:\xampp\htdocs\characterlist\system\CodeIgniter.php(336): CodeIgniter\CodeIgniter->handleRequest(NULL, Object(Config\Cache), false)
#6 C:\xampp\htdocs\characterlist\index.php(37): CodeIgniter\CodeIgniter->run()
#7 {main}
CRITICAL - 2021-07-17 15:41:08 --> Undefined variable: rarities
#0 C:\xampp\htdocs\characterlist\app\Views\addcharacter.php(43): CodeIgniter\Debug\Exceptions->errorHandler(8, 'Undefined varia...', 'C:\\xampp\\htdocs...', 43, Array)
#1 C:\xampp\htdocs\characterlist\system\View\View.php(230): include('C:\\xampp\\htdocs...')
#2 C:\xampp\htdocs\characterlist\system\View\View.php(232): CodeIgniter\View\View->CodeIgniter\View\{closure}()
#3 C:\xampp\htdocs\characterlist\system\Common.php(1271): CodeIgniter\View\View->render('addcharacter', Array, true)
#4 C:\xampp\htdocs\characterlist\app\Controllers\AddCharacter.php(76): view('addcharacter', Array)
#5 C:\xampp\htdocs\characterlist\system\CodeIgniter.php(928): App\Controllers\AddCharacter->index()
#6 C:\xampp\htdocs\characterlist\system\CodeIgniter.php(436): CodeIgniter\CodeIgniter->runController(Object(App\Controllers\AddCharacter))
#7 C:\xampp\htdocs\characterlist\system\CodeIgniter.php(336): CodeIgniter\CodeIgniter->handleRequest(NULL, Object(Config\Cache), false)
#8 C:\xampp\htdocs\characterlist\index.php(37): CodeIgniter\CodeIgniter->run()
#9 {main}
CRITICAL - 2021-07-17 17:49:20 --> Cannot redeclare base_url() (previously declared in C:\xampp\htdocs\characterlist\system\Helpers\url_helper.php:123)
#0 [internal function]: CodeIgniter\Debug\Exceptions->shutdownHandler()
#1 {main}
CRITICAL - 2021-07-17 18:00:06 --> Call to undefined function url()
#0 C:\xampp\htdocs\characterlist\system\View\View.php(230): include()
#1 C:\xampp\htdocs\characterlist\system\View\View.php(232): CodeIgniter\View\View->CodeIgniter\View\{closure}()
#2 C:\xampp\htdocs\characterlist\system\Common.php(1271): CodeIgniter\View\View->render('templates/heade...', Array, true)
#3 C:\xampp\htdocs\characterlist\app\Controllers\Home.php(25): view('templates/heade...')
#4 C:\xampp\htdocs\characterlist\system\CodeIgniter.php(928): App\Controllers\Home->index()
#5 C:\xampp\htdocs\characterlist\system\CodeIgniter.php(436): CodeIgniter\CodeIgniter->runController(Object(App\Controllers\Home))
#6 C:\xampp\htdocs\characterlist\system\CodeIgniter.php(336): CodeIgniter\CodeIgniter->handleRequest(NULL, Object(Config\Cache), false)
#7 C:\xampp\htdocs\characterlist\index.php(37): CodeIgniter\CodeIgniter->run()
#8 {main}
