ERROR - 2021-06-23 11:14:50 --> ErrorException: pg_query(): Query failed: ERROR:  OFFSET must not be negative in C:\xampp\htdocs\gestana\system\Database\Postgre\Connection.php:170
Stack trace:
#0 [internal function]: CodeIgniter\Debug\Exceptions->errorHandler(2, 'pg_query(): Que...', 'C:\\xampp\\htdocs...', 170, Array)
#1 C:\xampp\htdocs\gestana\system\Database\Postgre\Connection.php(170): pg_query(Resource id #133, 'SELECT *\nFROM "...')
#2 C:\xampp\htdocs\gestana\system\Database\BaseConnection.php(732): CodeIgniter\Database\Postgre\Connection->execute('SELECT *\nFROM "...')
#3 C:\xampp\htdocs\gestana\system\Database\BaseConnection.php(647): CodeIgniter\Database\BaseConnection->simpleQuery('SELECT *\nFROM "...')
#4 C:\xampp\htdocs\gestana\system\Database\BaseBuilder.php(1881): CodeIgniter\Database\BaseConnection->query('SELECT *\nFROM "...', Array, false)
#5 C:\xampp\htdocs\gestana\system\Model.php(197): CodeIgniter\Database\BaseBuilder->get()
#6 C:\xampp\htdocs\gestana\system\BaseModel.php(603): CodeIgniter\Model->doFindAll(5, -5)
#7 C:\xampp\htdocs\gestana\app\Controllers\Produtos.php(19): CodeIgniter\BaseModel->findAll(5, -5)
#8 C:\xampp\htdocs\gestana\system\CodeIgniter.php(928): App\Controllers\Produtos->index()
#9 C:\xampp\htdocs\gestana\system\CodeIgniter.php(436): CodeIgniter\CodeIgniter->runController(Object(App\Controllers\Produtos))
#10 C:\xampp\htdocs\gestana\system\CodeIgniter.php(336): CodeIgniter\CodeIgniter->handleRequest(NULL, Object(Config\Cache), false)
#11 C:\xampp\htdocs\gestana\index.php(37): CodeIgniter\CodeIgniter->run()
#12 {main}
CRITICAL - 2021-06-23 11:14:50 --> pg_query(): Query failed: ERROR:  OFFSET must not be negative
#0 [internal function]: CodeIgniter\Debug\Exceptions->errorHandler(2, 'pg_query(): Que...', 'C:\\xampp\\htdocs...', 170, Array)
#1 C:\xampp\htdocs\gestana\system\Database\Postgre\Connection.php(170): pg_query(Resource id #133, 'SELECT *\nFROM "...')
#2 C:\xampp\htdocs\gestana\system\Database\BaseConnection.php(732): CodeIgniter\Database\Postgre\Connection->execute('SELECT *\nFROM "...')
#3 C:\xampp\htdocs\gestana\system\Database\BaseConnection.php(647): CodeIgniter\Database\BaseConnection->simpleQuery('SELECT *\nFROM "...')
#4 C:\xampp\htdocs\gestana\system\Database\BaseBuilder.php(1881): CodeIgniter\Database\BaseConnection->query('SELECT *\nFROM "...', Array, false)
#5 C:\xampp\htdocs\gestana\system\Model.php(197): CodeIgniter\Database\BaseBuilder->get()
#6 C:\xampp\htdocs\gestana\system\BaseModel.php(603): CodeIgniter\Model->doFindAll(5, -5)
#7 C:\xampp\htdocs\gestana\app\Controllers\Produtos.php(19): CodeIgniter\BaseModel->findAll(5, -5)
#8 C:\xampp\htdocs\gestana\system\CodeIgniter.php(928): App\Controllers\Produtos->index()
#9 C:\xampp\htdocs\gestana\system\CodeIgniter.php(436): CodeIgniter\CodeIgniter->runController(Object(App\Controllers\Produtos))
#10 C:\xampp\htdocs\gestana\system\CodeIgniter.php(336): CodeIgniter\CodeIgniter->handleRequest(NULL, Object(Config\Cache), false)
#11 C:\xampp\htdocs\gestana\index.php(37): CodeIgniter\CodeIgniter->run()
#12 {main}
ERROR - 2021-06-23 11:15:08 --> ErrorException: pg_query(): Query failed: ERROR:  OFFSET must not be negative in C:\xampp\htdocs\gestana\system\Database\Postgre\Connection.php:170
Stack trace:
#0 [internal function]: CodeIgniter\Debug\Exceptions->errorHandler(2, 'pg_query(): Que...', 'C:\\xampp\\htdocs...', 170, Array)
#1 C:\xampp\htdocs\gestana\system\Database\Postgre\Connection.php(170): pg_query(Resource id #133, 'SELECT *\nFROM "...')
#2 C:\xampp\htdocs\gestana\system\Database\BaseConnection.php(732): CodeIgniter\Database\Postgre\Connection->execute('SELECT *\nFROM "...')
#3 C:\xampp\htdocs\gestana\system\Database\BaseConnection.php(647): CodeIgniter\Database\BaseConnection->simpleQuery('SELECT *\nFROM "...')
#4 C:\xampp\htdocs\gestana\system\Database\BaseBuilder.php(1881): CodeIgniter\Database\BaseConnection->query('SELECT *\nFROM "...', Array, false)
#5 C:\xampp\htdocs\gestana\system\Model.php(197): CodeIgniter\Database\BaseBuilder->get()
#6 C:\xampp\htdocs\gestana\system\BaseModel.php(603): CodeIgniter\Model->doFindAll(5, -5)
#7 C:\xampp\htdocs\gestana\app\Controllers\Produtos.php(19): CodeIgniter\BaseModel->findAll(5, -5)
#8 C:\xampp\htdocs\gestana\system\CodeIgniter.php(928): App\Controllers\Produtos->index()
#9 C:\xampp\htdocs\gestana\system\CodeIgniter.php(436): CodeIgniter\CodeIgniter->runController(Object(App\Controllers\Produtos))
#10 C:\xampp\htdocs\gestana\system\CodeIgniter.php(336): CodeIgniter\CodeIgniter->handleRequest(NULL, Object(Config\Cache), false)
#11 C:\xampp\htdocs\gestana\index.php(37): CodeIgniter\CodeIgniter->run()
#12 {main}
CRITICAL - 2021-06-23 11:15:08 --> pg_query(): Query failed: ERROR:  OFFSET must not be negative
#0 [internal function]: CodeIgniter\Debug\Exceptions->errorHandler(2, 'pg_query(): Que...', 'C:\\xampp\\htdocs...', 170, Array)
#1 C:\xampp\htdocs\gestana\system\Database\Postgre\Connection.php(170): pg_query(Resource id #133, 'SELECT *\nFROM "...')
#2 C:\xampp\htdocs\gestana\system\Database\BaseConnection.php(732): CodeIgniter\Database\Postgre\Connection->execute('SELECT *\nFROM "...')
#3 C:\xampp\htdocs\gestana\system\Database\BaseConnection.php(647): CodeIgniter\Database\BaseConnection->simpleQuery('SELECT *\nFROM "...')
#4 C:\xampp\htdocs\gestana\system\Database\BaseBuilder.php(1881): CodeIgniter\Database\BaseConnection->query('SELECT *\nFROM "...', Array, false)
#5 C:\xampp\htdocs\gestana\system\Model.php(197): CodeIgniter\Database\BaseBuilder->get()
#6 C:\xampp\htdocs\gestana\system\BaseModel.php(603): CodeIgniter\Model->doFindAll(5, -5)
#7 C:\xampp\htdocs\gestana\app\Controllers\Produtos.php(19): CodeIgniter\BaseModel->findAll(5, -5)
#8 C:\xampp\htdocs\gestana\system\CodeIgniter.php(928): App\Controllers\Produtos->index()
#9 C:\xampp\htdocs\gestana\system\CodeIgniter.php(436): CodeIgniter\CodeIgniter->runController(Object(App\Controllers\Produtos))
#10 C:\xampp\htdocs\gestana\system\CodeIgniter.php(336): CodeIgniter\CodeIgniter->handleRequest(NULL, Object(Config\Cache), false)
#11 C:\xampp\htdocs\gestana\index.php(37): CodeIgniter\CodeIgniter->run()
#12 {main}
CRITICAL - 2021-06-23 11:25:39 --> Trying to get property 'descricao' of non-object
#0 C:\xampp\htdocs\gestana\app\Views\produtos\produtos.php(42): CodeIgniter\Debug\Exceptions->errorHandler(8, 'Trying to get p...', 'C:\\xampp\\htdocs...', 42, Array)
#1 C:\xampp\htdocs\gestana\system\View\View.php(230): include('C:\\xampp\\htdocs...')
#2 C:\xampp\htdocs\gestana\system\View\View.php(232): CodeIgniter\View\View->CodeIgniter\View\{closure}()
#3 C:\xampp\htdocs\gestana\system\Common.php(1271): CodeIgniter\View\View->render('produtos/produt...', Array, true)
#4 C:\xampp\htdocs\gestana\app\Controllers\Produtos.php(31): view('produtos/produt...', Array)
#5 C:\xampp\htdocs\gestana\system\CodeIgniter.php(928): App\Controllers\Produtos->index()
#6 C:\xampp\htdocs\gestana\system\CodeIgniter.php(436): CodeIgniter\CodeIgniter->runController(Object(App\Controllers\Produtos))
#7 C:\xampp\htdocs\gestana\system\CodeIgniter.php(336): CodeIgniter\CodeIgniter->handleRequest(NULL, Object(Config\Cache), false)
#8 C:\xampp\htdocs\gestana\index.php(37): CodeIgniter\CodeIgniter->run()
#9 {main}
CRITICAL - 2021-06-23 11:26:13 --> Undefined variable: produtos
#0 C:\xampp\htdocs\gestana\app\Views\produtos\produtos.php(40): CodeIgniter\Debug\Exceptions->errorHandler(8, 'Undefined varia...', 'C:\\xampp\\htdocs...', 40, Array)
#1 C:\xampp\htdocs\gestana\system\View\View.php(230): include('C:\\xampp\\htdocs...')
#2 C:\xampp\htdocs\gestana\system\View\View.php(232): CodeIgniter\View\View->CodeIgniter\View\{closure}()
#3 C:\xampp\htdocs\gestana\system\Common.php(1271): CodeIgniter\View\View->render('produtos/produt...', Array, true)
#4 C:\xampp\htdocs\gestana\app\Controllers\Produtos.php(31): view('produtos/produt...', Array)
#5 C:\xampp\htdocs\gestana\system\CodeIgniter.php(928): App\Controllers\Produtos->index()
#6 C:\xampp\htdocs\gestana\system\CodeIgniter.php(436): CodeIgniter\CodeIgniter->runController(Object(App\Controllers\Produtos))
#7 C:\xampp\htdocs\gestana\system\CodeIgniter.php(336): CodeIgniter\CodeIgniter->handleRequest(NULL, Object(Config\Cache), false)
#8 C:\xampp\htdocs\gestana\index.php(37): CodeIgniter\CodeIgniter->run()
#9 {main}
CRITICAL - 2021-06-23 11:26:48 --> Trying to get property 'descricao' of non-object
#0 C:\xampp\htdocs\gestana\app\Views\produtos\produtos.php(42): CodeIgniter\Debug\Exceptions->errorHandler(8, 'Trying to get p...', 'C:\\xampp\\htdocs...', 42, Array)
#1 C:\xampp\htdocs\gestana\system\View\View.php(230): include('C:\\xampp\\htdocs...')
#2 C:\xampp\htdocs\gestana\system\View\View.php(232): CodeIgniter\View\View->CodeIgniter\View\{closure}()
#3 C:\xampp\htdocs\gestana\system\Common.php(1271): CodeIgniter\View\View->render('produtos/produt...', Array, true)
#4 C:\xampp\htdocs\gestana\app\Controllers\Produtos.php(31): view('produtos/produt...', Array)
#5 C:\xampp\htdocs\gestana\system\CodeIgniter.php(928): App\Controllers\Produtos->index()
#6 C:\xampp\htdocs\gestana\system\CodeIgniter.php(436): CodeIgniter\CodeIgniter->runController(Object(App\Controllers\Produtos))
#7 C:\xampp\htdocs\gestana\system\CodeIgniter.php(336): CodeIgniter\CodeIgniter->handleRequest(NULL, Object(Config\Cache), false)
#8 C:\xampp\htdocs\gestana\index.php(37): CodeIgniter\CodeIgniter->run()
#9 {main}
CRITICAL - 2021-06-23 11:28:07 --> Trying to get property 'descricao' of non-object
#0 C:\xampp\htdocs\gestana\app\Views\produtos\produtos.php(42): CodeIgniter\Debug\Exceptions->errorHandler(8, 'Trying to get p...', 'C:\\xampp\\htdocs...', 42, Array)
#1 C:\xampp\htdocs\gestana\system\View\View.php(230): include('C:\\xampp\\htdocs...')
#2 C:\xampp\htdocs\gestana\system\View\View.php(232): CodeIgniter\View\View->CodeIgniter\View\{closure}()
#3 C:\xampp\htdocs\gestana\system\Common.php(1271): CodeIgniter\View\View->render('produtos/produt...', Array, true)
#4 C:\xampp\htdocs\gestana\app\Controllers\Produtos.php(31): view('produtos/produt...', Array)
#5 C:\xampp\htdocs\gestana\system\CodeIgniter.php(928): App\Controllers\Produtos->index()
#6 C:\xampp\htdocs\gestana\system\CodeIgniter.php(436): CodeIgniter\CodeIgniter->runController(Object(App\Controllers\Produtos))
#7 C:\xampp\htdocs\gestana\system\CodeIgniter.php(336): CodeIgniter\CodeIgniter->handleRequest(NULL, Object(Config\Cache), false)
#8 C:\xampp\htdocs\gestana\index.php(37): CodeIgniter\CodeIgniter->run()
#9 {main}
CRITICAL - 2021-06-23 11:28:17 --> Trying to get property 'descricao' of non-object
#0 C:\xampp\htdocs\gestana\app\Views\produtos\produtos.php(42): CodeIgniter\Debug\Exceptions->errorHandler(8, 'Trying to get p...', 'C:\\xampp\\htdocs...', 42, Array)
#1 C:\xampp\htdocs\gestana\system\View\View.php(230): include('C:\\xampp\\htdocs...')
#2 C:\xampp\htdocs\gestana\system\View\View.php(232): CodeIgniter\View\View->CodeIgniter\View\{closure}()
#3 C:\xampp\htdocs\gestana\system\Common.php(1271): CodeIgniter\View\View->render('produtos/produt...', Array, true)
#4 C:\xampp\htdocs\gestana\app\Controllers\Produtos.php(31): view('produtos/produt...', Array)
#5 C:\xampp\htdocs\gestana\system\CodeIgniter.php(928): App\Controllers\Produtos->index()
#6 C:\xampp\htdocs\gestana\system\CodeIgniter.php(436): CodeIgniter\CodeIgniter->runController(Object(App\Controllers\Produtos))
#7 C:\xampp\htdocs\gestana\system\CodeIgniter.php(336): CodeIgniter\CodeIgniter->handleRequest(NULL, Object(Config\Cache), false)
#8 C:\xampp\htdocs\gestana\index.php(37): CodeIgniter\CodeIgniter->run()
#9 {main}
CRITICAL - 2021-06-23 11:28:36 --> Trying to get property 'descricao' of non-object
#0 C:\xampp\htdocs\gestana\app\Views\produtos\produtos.php(42): CodeIgniter\Debug\Exceptions->errorHandler(8, 'Trying to get p...', 'C:\\xampp\\htdocs...', 42, Array)
#1 C:\xampp\htdocs\gestana\system\View\View.php(230): include('C:\\xampp\\htdocs...')
#2 C:\xampp\htdocs\gestana\system\View\View.php(232): CodeIgniter\View\View->CodeIgniter\View\{closure}()
#3 C:\xampp\htdocs\gestana\system\Common.php(1271): CodeIgniter\View\View->render('produtos/produt...', Array, true)
#4 C:\xampp\htdocs\gestana\app\Controllers\Produtos.php(34): view('produtos/produt...', Array)
#5 C:\xampp\htdocs\gestana\system\CodeIgniter.php(928): App\Controllers\Produtos->index()
#6 C:\xampp\htdocs\gestana\system\CodeIgniter.php(436): CodeIgniter\CodeIgniter->runController(Object(App\Controllers\Produtos))
#7 C:\xampp\htdocs\gestana\system\CodeIgniter.php(336): CodeIgniter\CodeIgniter->handleRequest(NULL, Object(Config\Cache), false)
#8 C:\xampp\htdocs\gestana\index.php(37): CodeIgniter\CodeIgniter->run()
#9 {main}
CRITICAL - 2021-06-23 11:37:13 --> Undefined variable: totalItems
#0 C:\xampp\htdocs\gestana\app\Views\produtos\produtos.php(3): CodeIgniter\Debug\Exceptions->errorHandler(8, 'Undefined varia...', 'C:\\xampp\\htdocs...', 3, Array)
#1 C:\xampp\htdocs\gestana\system\View\View.php(230): include('C:\\xampp\\htdocs...')
#2 C:\xampp\htdocs\gestana\system\View\View.php(232): CodeIgniter\View\View->CodeIgniter\View\{closure}()
#3 C:\xampp\htdocs\gestana\system\Common.php(1271): CodeIgniter\View\View->render('produtos/produt...', Array, true)
#4 C:\xampp\htdocs\gestana\app\Controllers\Produtos.php(34): view('produtos/produt...', Array)
#5 C:\xampp\htdocs\gestana\system\CodeIgniter.php(928): App\Controllers\Produtos->index()
#6 C:\xampp\htdocs\gestana\system\CodeIgniter.php(436): CodeIgniter\CodeIgniter->runController(Object(App\Controllers\Produtos))
#7 C:\xampp\htdocs\gestana\system\CodeIgniter.php(336): CodeIgniter\CodeIgniter->handleRequest(NULL, Object(Config\Cache), false)
#8 C:\xampp\htdocs\gestana\index.php(37): CodeIgniter\CodeIgniter->run()
#9 {main}
CRITICAL - 2021-06-23 11:37:19 --> Undefined variable: totalItems
#0 C:\xampp\htdocs\gestana\app\Views\produtos\produtos.php(3): CodeIgniter\Debug\Exceptions->errorHandler(8, 'Undefined varia...', 'C:\\xampp\\htdocs...', 3, Array)
#1 C:\xampp\htdocs\gestana\system\View\View.php(230): include('C:\\xampp\\htdocs...')
#2 C:\xampp\htdocs\gestana\system\View\View.php(232): CodeIgniter\View\View->CodeIgniter\View\{closure}()
#3 C:\xampp\htdocs\gestana\system\Common.php(1271): CodeIgniter\View\View->render('produtos/produt...', Array, true)
#4 C:\xampp\htdocs\gestana\app\Controllers\Produtos.php(34): view('produtos/produt...', Array)
#5 C:\xampp\htdocs\gestana\system\CodeIgniter.php(928): App\Controllers\Produtos->index()
#6 C:\xampp\htdocs\gestana\system\CodeIgniter.php(436): CodeIgniter\CodeIgniter->runController(Object(App\Controllers\Produtos))
#7 C:\xampp\htdocs\gestana\system\CodeIgniter.php(336): CodeIgniter\CodeIgniter->handleRequest(NULL, Object(Config\Cache), false)
#8 C:\xampp\htdocs\gestana\index.php(37): CodeIgniter\CodeIgniter->run()
#9 {main}
CRITICAL - 2021-06-23 11:37:55 --> Undefined variable: totalItems
#0 C:\xampp\htdocs\gestana\app\Views\produtos\produtos.php(3): CodeIgniter\Debug\Exceptions->errorHandler(8, 'Undefined varia...', 'C:\\xampp\\htdocs...', 3, Array)
#1 C:\xampp\htdocs\gestana\system\View\View.php(230): include('C:\\xampp\\htdocs...')
#2 C:\xampp\htdocs\gestana\system\View\View.php(232): CodeIgniter\View\View->CodeIgniter\View\{closure}()
#3 C:\xampp\htdocs\gestana\system\Common.php(1271): CodeIgniter\View\View->render('produtos/produt...', Array, true)
#4 C:\xampp\htdocs\gestana\app\Controllers\Produtos.php(34): view('produtos/produt...', Array)
#5 C:\xampp\htdocs\gestana\system\CodeIgniter.php(928): App\Controllers\Produtos->index()
#6 C:\xampp\htdocs\gestana\system\CodeIgniter.php(436): CodeIgniter\CodeIgniter->runController(Object(App\Controllers\Produtos))
#7 C:\xampp\htdocs\gestana\system\CodeIgniter.php(336): CodeIgniter\CodeIgniter->handleRequest(NULL, Object(Config\Cache), false)
#8 C:\xampp\htdocs\gestana\index.php(37): CodeIgniter\CodeIgniter->run()
#9 {main}
CRITICAL - 2021-06-23 11:37:58 --> Undefined variable: totalItems
#0 C:\xampp\htdocs\gestana\app\Views\produtos\produtos.php(3): CodeIgniter\Debug\Exceptions->errorHandler(8, 'Undefined varia...', 'C:\\xampp\\htdocs...', 3, Array)
#1 C:\xampp\htdocs\gestana\system\View\View.php(230): include('C:\\xampp\\htdocs...')
#2 C:\xampp\htdocs\gestana\system\View\View.php(232): CodeIgniter\View\View->CodeIgniter\View\{closure}()
#3 C:\xampp\htdocs\gestana\system\Common.php(1271): CodeIgniter\View\View->render('produtos/produt...', Array, true)
#4 C:\xampp\htdocs\gestana\app\Controllers\Produtos.php(34): view('produtos/produt...', Array)
#5 C:\xampp\htdocs\gestana\system\CodeIgniter.php(928): App\Controllers\Produtos->index()
#6 C:\xampp\htdocs\gestana\system\CodeIgniter.php(436): CodeIgniter\CodeIgniter->runController(Object(App\Controllers\Produtos))
#7 C:\xampp\htdocs\gestana\system\CodeIgniter.php(336): CodeIgniter\CodeIgniter->handleRequest(NULL, Object(Config\Cache), false)
#8 C:\xampp\htdocs\gestana\index.php(37): CodeIgniter\CodeIgniter->run()
#9 {main}
CRITICAL - 2021-06-23 11:39:47 --> Undefined variable: produtos
#0 C:\xampp\htdocs\gestana\app\Views\produtos\produtos.php(40): CodeIgniter\Debug\Exceptions->errorHandler(8, 'Undefined varia...', 'C:\\xampp\\htdocs...', 40, Array)
#1 C:\xampp\htdocs\gestana\system\View\View.php(230): include('C:\\xampp\\htdocs...')
#2 C:\xampp\htdocs\gestana\system\View\View.php(232): CodeIgniter\View\View->CodeIgniter\View\{closure}()
#3 C:\xampp\htdocs\gestana\system\Common.php(1271): CodeIgniter\View\View->render('produtos/produt...', Array, true)
#4 C:\xampp\htdocs\gestana\app\Controllers\Produtos.php(35): view('produtos/produt...', Array)
#5 C:\xampp\htdocs\gestana\system\CodeIgniter.php(928): App\Controllers\Produtos->index()
#6 C:\xampp\htdocs\gestana\system\CodeIgniter.php(436): CodeIgniter\CodeIgniter->runController(Object(App\Controllers\Produtos))
#7 C:\xampp\htdocs\gestana\system\CodeIgniter.php(336): CodeIgniter\CodeIgniter->handleRequest(NULL, Object(Config\Cache), false)
#8 C:\xampp\htdocs\gestana\index.php(37): CodeIgniter\CodeIgniter->run()
#9 {main}
CRITICAL - 2021-06-23 11:39:48 --> Undefined variable: produtos
#0 C:\xampp\htdocs\gestana\app\Views\produtos\produtos.php(40): CodeIgniter\Debug\Exceptions->errorHandler(8, 'Undefined varia...', 'C:\\xampp\\htdocs...', 40, Array)
#1 C:\xampp\htdocs\gestana\system\View\View.php(230): include('C:\\xampp\\htdocs...')
#2 C:\xampp\htdocs\gestana\system\View\View.php(232): CodeIgniter\View\View->CodeIgniter\View\{closure}()
#3 C:\xampp\htdocs\gestana\system\Common.php(1271): CodeIgniter\View\View->render('produtos/produt...', Array, true)
#4 C:\xampp\htdocs\gestana\app\Controllers\Produtos.php(35): view('produtos/produt...', Array)
#5 C:\xampp\htdocs\gestana\system\CodeIgniter.php(928): App\Controllers\Produtos->index()
#6 C:\xampp\htdocs\gestana\system\CodeIgniter.php(436): CodeIgniter\CodeIgniter->runController(Object(App\Controllers\Produtos))
#7 C:\xampp\htdocs\gestana\system\CodeIgniter.php(336): CodeIgniter\CodeIgniter->handleRequest(NULL, Object(Config\Cache), false)
#8 C:\xampp\htdocs\gestana\index.php(37): CodeIgniter\CodeIgniter->run()
#9 {main}
CRITICAL - 2021-06-23 11:44:45 --> Class '\RedBeanPHP\QueryWriter\MySQL' not found
#0 C:\xampp\htdocs\gestana\app\Models\rb-postgres.php(12152): RedBeanPHP\Facade::createToolbox('mysql:host=baty...', 'wmtaljbm', 'XMayIkoaLqipnQI...', false, false, Array)
#1 C:\xampp\htdocs\gestana\app\Models\rb-postgres.php(12018): RedBeanPHP\Facade::addDatabase('default', 'mysql:host=baty...', 'wmtaljbm', 'XMayIkoaLqipnQI...', false, false, Array)
#2 C:\xampp\htdocs\gestana\app\Models\RedbeanModel.php(16): RedBeanPHP\Facade::setup('mysql:host=baty...', 'wmtaljbm', 'XMayIkoaLqipnQI...')
#3 C:\xampp\htdocs\gestana\app\Controllers\Produtos.php(20): App\Models\RedbeanModel->__construct()
#4 C:\xampp\htdocs\gestana\system\CodeIgniter.php(928): App\Controllers\Produtos->index()
#5 C:\xampp\htdocs\gestana\system\CodeIgniter.php(436): CodeIgniter\CodeIgniter->runController(Object(App\Controllers\Produtos))
#6 C:\xampp\htdocs\gestana\system\CodeIgniter.php(336): CodeIgniter\CodeIgniter->handleRequest(NULL, Object(Config\Cache), false)
#7 C:\xampp\htdocs\gestana\index.php(37): CodeIgniter\CodeIgniter->run()
#8 {main}
CRITICAL - 2021-06-23 11:47:49 --> Class '\RedBeanPHP\QueryWriter\MySQL' not found
#0 C:\xampp\htdocs\gestana\app\Models\rb-postgres.php(12152): RedBeanPHP\Facade::createToolbox('mysql:host=baty...', 'wmtaljbm', 'XMayIkoaLqipnQI...', false, false, Array)
#1 C:\xampp\htdocs\gestana\app\Models\rb-postgres.php(12018): RedBeanPHP\Facade::addDatabase('default', 'mysql:host=baty...', 'wmtaljbm', 'XMayIkoaLqipnQI...', false, false, Array)
#2 C:\xampp\htdocs\gestana\app\Models\RedbeanModel.php(16): RedBeanPHP\Facade::setup('mysql:host=baty...', 'wmtaljbm', 'XMayIkoaLqipnQI...')
#3 C:\xampp\htdocs\gestana\app\Controllers\Produtos.php(20): App\Models\RedbeanModel->__construct()
#4 C:\xampp\htdocs\gestana\system\CodeIgniter.php(928): App\Controllers\Produtos->index()
#5 C:\xampp\htdocs\gestana\system\CodeIgniter.php(436): CodeIgniter\CodeIgniter->runController(Object(App\Controllers\Produtos))
#6 C:\xampp\htdocs\gestana\system\CodeIgniter.php(336): CodeIgniter\CodeIgniter->handleRequest(NULL, Object(Config\Cache), false)
#7 C:\xampp\htdocs\gestana\index.php(37): CodeIgniter\CodeIgniter->run()
#8 {main}
CRITICAL - 2021-06-23 12:10:26 --> Class '\RedBeanPHP\QueryWriter\MySQL' not found
#0 C:\xampp\htdocs\gestana\app\Models\rb-postgres.php(12152): RedBeanPHP\Facade::createToolbox('mysql:host=baty...', 'wmtaljbm', 'XMayIkoaLqipnQI...', false, false, Array)
#1 C:\xampp\htdocs\gestana\app\Models\rb-postgres.php(12018): RedBeanPHP\Facade::addDatabase('default', 'mysql:host=baty...', 'wmtaljbm', 'XMayIkoaLqipnQI...', false, false, Array)
#2 C:\xampp\htdocs\gestana\app\Models\RedbeanModel.php(16): RedBeanPHP\Facade::setup('mysql:host=baty...', 'wmtaljbm', 'XMayIkoaLqipnQI...')
#3 C:\xampp\htdocs\gestana\app\Controllers\Produtos.php(20): App\Models\RedbeanModel->__construct()
#4 C:\xampp\htdocs\gestana\system\CodeIgniter.php(928): App\Controllers\Produtos->index()
#5 C:\xampp\htdocs\gestana\system\CodeIgniter.php(436): CodeIgniter\CodeIgniter->runController(Object(App\Controllers\Produtos))
#6 C:\xampp\htdocs\gestana\system\CodeIgniter.php(336): CodeIgniter\CodeIgniter->handleRequest(NULL, Object(Config\Cache), false)
#7 C:\xampp\htdocs\gestana\index.php(37): CodeIgniter\CodeIgniter->run()
#8 {main}
CRITICAL - 2021-06-23 12:12:55 --> Could not connect to database (wmtaljbm).
#0 C:\xampp\htdocs\gestana\app\Models\rb.php(798): RedBeanPHP\Driver\RPDO->connect()
#1 C:\xampp\htdocs\gestana\app\Models\rb.php(1171): RedBeanPHP\Driver\RPDO->runQuery('show tables', Array)
#2 C:\xampp\htdocs\gestana\app\Models\rb.php(1192): RedBeanPHP\Driver\RPDO->GetAll('show tables', Array)
#3 C:\xampp\htdocs\gestana\app\Models\rb.php(4320): RedBeanPHP\Driver\RPDO->GetCol('show tables', Array)
#4 C:\xampp\htdocs\gestana\app\Models\rb.php(7216): RedBeanPHP\Adapter\DBAdapter->getCol('show tables')
#5 C:\xampp\htdocs\gestana\app\Models\rb.php(6161): RedBeanPHP\QueryWriter\MySQL->getTables()
#6 C:\xampp\htdocs\gestana\app\Models\rb.php(9562): RedBeanPHP\QueryWriter\AQueryWriter->tableExists('book')
#7 C:\xampp\htdocs\gestana\app\Models\rb.php(9664): RedBeanPHP\Repository->tableExists('book')
#8 C:\xampp\htdocs\gestana\app\Models\rb.php(9796): RedBeanPHP\Repository\Fluid->createTableIfNotExists(Object(RedBeanPHP\OODBBean), 'book')
#9 C:\xampp\htdocs\gestana\app\Models\rb.php(9367): RedBeanPHP\Repository\Fluid->storeBean(Object(RedBeanPHP\OODBBean))
#10 C:\xampp\htdocs\gestana\app\Models\rb.php(10477): RedBeanPHP\Repository->store(Object(RedBeanPHP\OODBBean))
#11 C:\xampp\htdocs\gestana\app\Models\rb.php(13349): RedBeanPHP\OODB->store(Object(RedBeanPHP\OODBBean))
#12 C:\xampp\htdocs\gestana\app\Models\RedbeanModel.php(22): RedBeanPHP\Facade::store(Object(RedBeanPHP\OODBBean))
#13 C:\xampp\htdocs\gestana\app\Controllers\Produtos.php(20): App\Models\RedbeanModel->__construct()
#14 C:\xampp\htdocs\gestana\system\CodeIgniter.php(928): App\Controllers\Produtos->index()
#15 C:\xampp\htdocs\gestana\system\CodeIgniter.php(436): CodeIgniter\CodeIgniter->runController(Object(App\Controllers\Produtos))
#16 C:\xampp\htdocs\gestana\system\CodeIgniter.php(336): CodeIgniter\CodeIgniter->handleRequest(NULL, Object(Config\Cache), false)
#17 C:\xampp\htdocs\gestana\index.php(37): CodeIgniter\CodeIgniter->run()
#18 {main}
CRITICAL - 2021-06-23 12:14:06 --> Could not connect to database (wmtaljbm).
#0 C:\xampp\htdocs\gestana\app\Models\rb.php(798): RedBeanPHP\Driver\RPDO->connect()
#1 C:\xampp\htdocs\gestana\app\Models\rb.php(1171): RedBeanPHP\Driver\RPDO->runQuery('show tables', Array)
#2 C:\xampp\htdocs\gestana\app\Models\rb.php(1192): RedBeanPHP\Driver\RPDO->GetAll('show tables', Array)
#3 C:\xampp\htdocs\gestana\app\Models\rb.php(4320): RedBeanPHP\Driver\RPDO->GetCol('show tables', Array)
#4 C:\xampp\htdocs\gestana\app\Models\rb.php(7216): RedBeanPHP\Adapter\DBAdapter->getCol('show tables')
#5 C:\xampp\htdocs\gestana\app\Models\rb.php(6161): RedBeanPHP\QueryWriter\MySQL->getTables()
#6 C:\xampp\htdocs\gestana\app\Models\rb.php(9562): RedBeanPHP\QueryWriter\AQueryWriter->tableExists('book')
#7 C:\xampp\htdocs\gestana\app\Models\rb.php(9664): RedBeanPHP\Repository->tableExists('book')
#8 C:\xampp\htdocs\gestana\app\Models\rb.php(9796): RedBeanPHP\Repository\Fluid->createTableIfNotExists(Object(RedBeanPHP\OODBBean), 'book')
#9 C:\xampp\htdocs\gestana\app\Models\rb.php(9367): RedBeanPHP\Repository\Fluid->storeBean(Object(RedBeanPHP\OODBBean))
#10 C:\xampp\htdocs\gestana\app\Models\rb.php(10477): RedBeanPHP\Repository->store(Object(RedBeanPHP\OODBBean))
#11 C:\xampp\htdocs\gestana\app\Models\rb.php(13349): RedBeanPHP\OODB->store(Object(RedBeanPHP\OODBBean))
#12 C:\xampp\htdocs\gestana\app\Models\RedbeanModel.php(22): RedBeanPHP\Facade::store(Object(RedBeanPHP\OODBBean))
#13 C:\xampp\htdocs\gestana\app\Controllers\Produtos.php(20): App\Models\RedbeanModel->__construct()
#14 C:\xampp\htdocs\gestana\system\CodeIgniter.php(928): App\Controllers\Produtos->index()
#15 C:\xampp\htdocs\gestana\system\CodeIgniter.php(436): CodeIgniter\CodeIgniter->runController(Object(App\Controllers\Produtos))
#16 C:\xampp\htdocs\gestana\system\CodeIgniter.php(336): CodeIgniter\CodeIgniter->handleRequest(NULL, Object(Config\Cache), false)
#17 C:\xampp\htdocs\gestana\index.php(37): CodeIgniter\CodeIgniter->run()
#18 {main}
CRITICAL - 2021-06-23 12:24:08 --> Identifier does not conform to RedBeanPHP security policies.
#0 C:\xampp\htdocs\gestana\app\Models\rb.php(6211): RedBeanPHP\QueryWriter\AQueryWriter->check('')
#1 C:\xampp\htdocs\gestana\app\Models\rb.php(6512): RedBeanPHP\QueryWriter\AQueryWriter->esc('')
#2 C:\xampp\htdocs\gestana\app\Models\rb.php(9297): RedBeanPHP\QueryWriter\AQueryWriter->queryRecord('', Array, ' title LIKE ? ', Array)
#3 C:\xampp\htdocs\gestana\app\Models\rb.php(10422): RedBeanPHP\Repository->find('', Array, ' title LIKE ? ', Array)
#4 C:\xampp\htdocs\gestana\app\Models\rb.php(11051): RedBeanPHP\OODB->find('', Array, ' title LIKE ? ', Array)
#5 C:\xampp\htdocs\gestana\app\Models\rb.php(13688): RedBeanPHP\Finder->find('', ' title LIKE ? ', Array)
#6 C:\xampp\htdocs\gestana\app\Models\RedbeanModel.php(23): RedBeanPHP\Facade::find('', ' title LIKE ? ', Array)
#7 C:\xampp\htdocs\gestana\app\Controllers\Produtos.php(28): App\Models\RedbeanModel->search('teste')
#8 C:\xampp\htdocs\gestana\system\CodeIgniter.php(928): App\Controllers\Produtos->index()
#9 C:\xampp\htdocs\gestana\system\CodeIgniter.php(436): CodeIgniter\CodeIgniter->runController(Object(App\Controllers\Produtos))
#10 C:\xampp\htdocs\gestana\system\CodeIgniter.php(336): CodeIgniter\CodeIgniter->handleRequest(NULL, Object(Config\Cache), false)
#11 C:\xampp\htdocs\gestana\index.php(37): CodeIgniter\CodeIgniter->run()
#12 {main}
CRITICAL - 2021-06-23 12:24:47 --> Identifier does not conform to RedBeanPHP security policies.
#0 C:\xampp\htdocs\gestana\app\Models\rb.php(6211): RedBeanPHP\QueryWriter\AQueryWriter->check('')
#1 C:\xampp\htdocs\gestana\app\Models\rb.php(6512): RedBeanPHP\QueryWriter\AQueryWriter->esc('')
#2 C:\xampp\htdocs\gestana\app\Models\rb.php(9297): RedBeanPHP\QueryWriter\AQueryWriter->queryRecord('', Array, ' title LIKE ? ', Array)
#3 C:\xampp\htdocs\gestana\app\Models\rb.php(10422): RedBeanPHP\Repository->find('', Array, ' title LIKE ? ', Array)
#4 C:\xampp\htdocs\gestana\app\Models\rb.php(11051): RedBeanPHP\OODB->find('', Array, ' title LIKE ? ', Array)
#5 C:\xampp\htdocs\gestana\app\Models\rb.php(13688): RedBeanPHP\Finder->find('', ' title LIKE ? ', Array)
#6 C:\xampp\htdocs\gestana\app\Models\RedbeanModel.php(24): RedBeanPHP\Facade::find('', ' title LIKE ? ', Array)
#7 C:\xampp\htdocs\gestana\app\Controllers\Produtos.php(28): App\Models\RedbeanModel->search('teste')
#8 C:\xampp\htdocs\gestana\system\CodeIgniter.php(928): App\Controllers\Produtos->index()
#9 C:\xampp\htdocs\gestana\system\CodeIgniter.php(436): CodeIgniter\CodeIgniter->runController(Object(App\Controllers\Produtos))
#10 C:\xampp\htdocs\gestana\system\CodeIgniter.php(336): CodeIgniter\CodeIgniter->handleRequest(NULL, Object(Config\Cache), false)
#11 C:\xampp\htdocs\gestana\index.php(37): CodeIgniter\CodeIgniter->run()
#12 {main}
CRITICAL - 2021-06-23 12:24:57 --> Identifier does not conform to RedBeanPHP security policies.
#0 C:\xampp\htdocs\gestana\app\Models\rb.php(6211): RedBeanPHP\QueryWriter\AQueryWriter->check('')
#1 C:\xampp\htdocs\gestana\app\Models\rb.php(6512): RedBeanPHP\QueryWriter\AQueryWriter->esc('')
#2 C:\xampp\htdocs\gestana\app\Models\rb.php(9297): RedBeanPHP\QueryWriter\AQueryWriter->queryRecord('', Array, ' title LIKE ? ', Array)
#3 C:\xampp\htdocs\gestana\app\Models\rb.php(10422): RedBeanPHP\Repository->find('', Array, ' title LIKE ? ', Array)
#4 C:\xampp\htdocs\gestana\app\Models\rb.php(11051): RedBeanPHP\OODB->find('', Array, ' title LIKE ? ', Array)
#5 C:\xampp\htdocs\gestana\app\Models\rb.php(13688): RedBeanPHP\Finder->find('', ' title LIKE ? ', Array)
#6 C:\xampp\htdocs\gestana\app\Models\RedbeanModel.php(24): RedBeanPHP\Facade::find('', ' title LIKE ? ', Array)
#7 C:\xampp\htdocs\gestana\app\Controllers\Produtos.php(28): App\Models\RedbeanModel->search('teste')
#8 C:\xampp\htdocs\gestana\system\CodeIgniter.php(928): App\Controllers\Produtos->index()
#9 C:\xampp\htdocs\gestana\system\CodeIgniter.php(436): CodeIgniter\CodeIgniter->runController(Object(App\Controllers\Produtos))
#10 C:\xampp\htdocs\gestana\system\CodeIgniter.php(336): CodeIgniter\CodeIgniter->handleRequest(NULL, Object(Config\Cache), false)
#11 C:\xampp\htdocs\gestana\index.php(37): CodeIgniter\CodeIgniter->run()
#12 {main}
CRITICAL - 2021-06-23 13:02:32 --> Too few arguments to function App\Controllers\Produtos::index(), 0 passed in C:\xampp\htdocs\gestana\system\CodeIgniter.php on line 928 and exactly 1 expected
#0 C:\xampp\htdocs\gestana\system\CodeIgniter.php(928): App\Controllers\Produtos->index()
#1 C:\xampp\htdocs\gestana\system\CodeIgniter.php(436): CodeIgniter\CodeIgniter->runController(Object(App\Controllers\Produtos))
#2 C:\xampp\htdocs\gestana\system\CodeIgniter.php(336): CodeIgniter\CodeIgniter->handleRequest(NULL, Object(Config\Cache), false)
#3 C:\xampp\htdocs\gestana\index.php(37): CodeIgniter\CodeIgniter->run()
#4 {main}
CRITICAL - 2021-06-23 13:02:45 --> Too few arguments to function App\Controllers\Produtos::index(), 0 passed in C:\xampp\htdocs\gestana\system\CodeIgniter.php on line 928 and exactly 1 expected
#0 C:\xampp\htdocs\gestana\system\CodeIgniter.php(928): App\Controllers\Produtos->index()
#1 C:\xampp\htdocs\gestana\system\CodeIgniter.php(436): CodeIgniter\CodeIgniter->runController(Object(App\Controllers\Produtos))
#2 C:\xampp\htdocs\gestana\system\CodeIgniter.php(336): CodeIgniter\CodeIgniter->handleRequest(NULL, Object(Config\Cache), false)
#3 C:\xampp\htdocs\gestana\index.php(37): CodeIgniter\CodeIgniter->run()
#4 {main}
CRITICAL - 2021-06-23 13:03:12 --> Too few arguments to function App\Controllers\Produtos::index(), 0 passed in C:\xampp\htdocs\gestana\system\CodeIgniter.php on line 928 and exactly 1 expected
#0 C:\xampp\htdocs\gestana\system\CodeIgniter.php(928): App\Controllers\Produtos->index()
#1 C:\xampp\htdocs\gestana\system\CodeIgniter.php(436): CodeIgniter\CodeIgniter->runController(Object(App\Controllers\Produtos))
#2 C:\xampp\htdocs\gestana\system\CodeIgniter.php(336): CodeIgniter\CodeIgniter->handleRequest(NULL, Object(Config\Cache), false)
#3 C:\xampp\htdocs\gestana\index.php(37): CodeIgniter\CodeIgniter->run()
#4 {main}
CRITICAL - 2021-06-23 13:04:06 --> Illegal string offset 'registros'
#0 C:\xampp\htdocs\gestana\app\Controllers\BaseController.php(61): CodeIgniter\Debug\Exceptions->errorHandler(2, 'Illegal string ...', 'C:\\xampp\\htdocs...', 61, Array)
#1 C:\xampp\htdocs\gestana\app\Controllers\Produtos.php(10): App\Controllers\BaseController->indexview('')
#2 C:\xampp\htdocs\gestana\system\CodeIgniter.php(928): App\Controllers\Produtos->index()
#3 C:\xampp\htdocs\gestana\system\CodeIgniter.php(436): CodeIgniter\CodeIgniter->runController(Object(App\Controllers\Produtos))
#4 C:\xampp\htdocs\gestana\system\CodeIgniter.php(336): CodeIgniter\CodeIgniter->handleRequest(NULL, Object(Config\Cache), false)
#5 C:\xampp\htdocs\gestana\index.php(37): CodeIgniter\CodeIgniter->run()
#6 {main}
CRITICAL - 2021-06-23 13:04:54 --> Cannot access private property App\Controllers\Produtos::$registros
#0 C:\xampp\htdocs\gestana\app\Controllers\Produtos.php(11): App\Controllers\BaseController->indexview(Array)
#1 C:\xampp\htdocs\gestana\system\CodeIgniter.php(928): App\Controllers\Produtos->index()
#2 C:\xampp\htdocs\gestana\system\CodeIgniter.php(436): CodeIgniter\CodeIgniter->runController(Object(App\Controllers\Produtos))
#3 C:\xampp\htdocs\gestana\system\CodeIgniter.php(336): CodeIgniter\CodeIgniter->handleRequest(NULL, Object(Config\Cache), false)
#4 C:\xampp\htdocs\gestana\index.php(37): CodeIgniter\CodeIgniter->run()
#5 {main}
CRITICAL - 2021-06-23 13:16:47 --> Undefined index: offset
#0 C:\xampp\htdocs\gestana\app\Controllers\BaseController.php(80): CodeIgniter\Debug\Exceptions->errorHandler(8, 'Undefined index...', 'C:\\xampp\\htdocs...', 80, Array)
#1 C:\xampp\htdocs\gestana\app\Controllers\Produtos.php(10): App\Controllers\BaseController->indexview(Object(App\Models\ProdutoModel), 'produtos')
#2 C:\xampp\htdocs\gestana\system\CodeIgniter.php(928): App\Controllers\Produtos->index()
#3 C:\xampp\htdocs\gestana\system\CodeIgniter.php(436): CodeIgniter\CodeIgniter->runController(Object(App\Controllers\Produtos))
#4 C:\xampp\htdocs\gestana\system\CodeIgniter.php(336): CodeIgniter\CodeIgniter->handleRequest(NULL, Object(Config\Cache), false)
#5 C:\xampp\htdocs\gestana\index.php(37): CodeIgniter\CodeIgniter->run()
#6 {main}
CRITICAL - 2021-06-23 13:16:50 --> Undefined index: offset
#0 C:\xampp\htdocs\gestana\app\Controllers\BaseController.php(80): CodeIgniter\Debug\Exceptions->errorHandler(8, 'Undefined index...', 'C:\\xampp\\htdocs...', 80, Array)
#1 C:\xampp\htdocs\gestana\app\Controllers\Produtos.php(10): App\Controllers\BaseController->indexview(Object(App\Models\ProdutoModel), 'produtos')
#2 C:\xampp\htdocs\gestana\system\CodeIgniter.php(928): App\Controllers\Produtos->index()
#3 C:\xampp\htdocs\gestana\system\CodeIgniter.php(436): CodeIgniter\CodeIgniter->runController(Object(App\Controllers\Produtos))
#4 C:\xampp\htdocs\gestana\system\CodeIgniter.php(336): CodeIgniter\CodeIgniter->handleRequest(NULL, Object(Config\Cache), false)
#5 C:\xampp\htdocs\gestana\index.php(37): CodeIgniter\CodeIgniter->run()
#6 {main}
CRITICAL - 2021-06-23 13:54:07 --> Cannot declare interface RedBeanPHP\Logger, because the name is already in use
#0 [internal function]: CodeIgniter\Debug\Exceptions->shutdownHandler()
#1 {main}
CRITICAL - 2021-06-23 13:55:00 --> Undefined property: App\Models\ProdutoModel::$request
#0 C:\xampp\htdocs\gestana\app\Models\ProdutoModel.php(16): CodeIgniter\Debug\Exceptions->errorHandler(8, 'Undefined prope...', 'C:\\xampp\\htdocs...', 16, Array)
#1 C:\xampp\htdocs\gestana\app\Controllers\Produtos.php(23): App\Models\ProdutoModel->insert()
#2 C:\xampp\htdocs\gestana\system\CodeIgniter.php(928): App\Controllers\Produtos->inserir()
#3 C:\xampp\htdocs\gestana\system\CodeIgniter.php(436): CodeIgniter\CodeIgniter->runController(Object(App\Controllers\Produtos))
#4 C:\xampp\htdocs\gestana\system\CodeIgniter.php(336): CodeIgniter\CodeIgniter->handleRequest(NULL, Object(Config\Cache), false)
#5 C:\xampp\htdocs\gestana\index.php(37): CodeIgniter\CodeIgniter->run()
#6 {main}
CRITICAL - 2021-06-23 14:24:05 --> Too few arguments to function App\Controllers\Produtos::editar(), 0 passed in C:\xampp\htdocs\gestana\system\CodeIgniter.php on line 928 and exactly 1 expected
#0 C:\xampp\htdocs\gestana\system\CodeIgniter.php(928): App\Controllers\Produtos->editar()
#1 C:\xampp\htdocs\gestana\system\CodeIgniter.php(436): CodeIgniter\CodeIgniter->runController(Object(App\Controllers\Produtos))
#2 C:\xampp\htdocs\gestana\system\CodeIgniter.php(336): CodeIgniter\CodeIgniter->handleRequest(NULL, Object(Config\Cache), false)
#3 C:\xampp\htdocs\gestana\index.php(37): CodeIgniter\CodeIgniter->run()
#4 {main}
CRITICAL - 2021-06-23 14:28:39 --> Too few arguments to function App\Controllers\Produtos::editar(), 0 passed in C:\xampp\htdocs\gestana\system\CodeIgniter.php on line 928 and exactly 1 expected
#0 C:\xampp\htdocs\gestana\system\CodeIgniter.php(928): App\Controllers\Produtos->editar()
#1 C:\xampp\htdocs\gestana\system\CodeIgniter.php(436): CodeIgniter\CodeIgniter->runController(Object(App\Controllers\Produtos))
#2 C:\xampp\htdocs\gestana\system\CodeIgniter.php(336): CodeIgniter\CodeIgniter->handleRequest(NULL, Object(Config\Cache), false)
#3 C:\xampp\htdocs\gestana\index.php(37): CodeIgniter\CodeIgniter->run()
#4 {main}
CRITICAL - 2021-06-23 14:34:08 --> Undefined variable: produto
#0 C:\xampp\htdocs\gestana\app\Views\produtos\produtosadd.php(9): CodeIgniter\Debug\Exceptions->errorHandler(8, 'Undefined varia...', 'C:\\xampp\\htdocs...', 9, Array)
#1 C:\xampp\htdocs\gestana\system\View\View.php(230): include('C:\\xampp\\htdocs...')
#2 C:\xampp\htdocs\gestana\system\View\View.php(232): CodeIgniter\View\View->CodeIgniter\View\{closure}()
#3 C:\xampp\htdocs\gestana\system\Common.php(1271): CodeIgniter\View\View->render('produtos/produt...', Array, true)
#4 C:\xampp\htdocs\gestana\app\Controllers\Produtos.php(30): view('produtos/produt...', Array)
#5 C:\xampp\htdocs\gestana\system\CodeIgniter.php(928): App\Controllers\Produtos->inserir()
#6 C:\xampp\htdocs\gestana\system\CodeIgniter.php(436): CodeIgniter\CodeIgniter->runController(Object(App\Controllers\Produtos))
#7 C:\xampp\htdocs\gestana\system\CodeIgniter.php(336): CodeIgniter\CodeIgniter->handleRequest(NULL, Object(Config\Cache), false)
#8 C:\xampp\htdocs\gestana\index.php(37): CodeIgniter\CodeIgniter->run()
#9 {main}
CRITICAL - 2021-06-23 14:36:05 --> Trying to get property 'descricao' of non-object
#0 C:\xampp\htdocs\gestana\app\Views\produtos\produtosadd.php(9): CodeIgniter\Debug\Exceptions->errorHandler(8, 'Trying to get p...', 'C:\\xampp\\htdocs...', 9, Array)
#1 C:\xampp\htdocs\gestana\system\View\View.php(230): include('C:\\xampp\\htdocs...')
#2 C:\xampp\htdocs\gestana\system\View\View.php(232): CodeIgniter\View\View->CodeIgniter\View\{closure}()
#3 C:\xampp\htdocs\gestana\system\Common.php(1271): CodeIgniter\View\View->render('produtos/produt...', Array, true)
#4 C:\xampp\htdocs\gestana\app\Controllers\Produtos.php(30): view('produtos/produt...', Array)
#5 C:\xampp\htdocs\gestana\system\CodeIgniter.php(928): App\Controllers\Produtos->inserir()
#6 C:\xampp\htdocs\gestana\system\CodeIgniter.php(436): CodeIgniter\CodeIgniter->runController(Object(App\Controllers\Produtos))
#7 C:\xampp\htdocs\gestana\system\CodeIgniter.php(336): CodeIgniter\CodeIgniter->handleRequest(NULL, Object(Config\Cache), false)
#8 C:\xampp\htdocs\gestana\index.php(37): CodeIgniter\CodeIgniter->run()
#9 {main}
CRITICAL - 2021-06-23 14:38:21 --> Trying to get property 'descricao' of non-object
#0 C:\xampp\htdocs\gestana\app\Views\produtos\produtosadd.php(9): CodeIgniter\Debug\Exceptions->errorHandler(8, 'Trying to get p...', 'C:\\xampp\\htdocs...', 9, Array)
#1 C:\xampp\htdocs\gestana\system\View\View.php(230): include('C:\\xampp\\htdocs...')
#2 C:\xampp\htdocs\gestana\system\View\View.php(232): CodeIgniter\View\View->CodeIgniter\View\{closure}()
#3 C:\xampp\htdocs\gestana\system\Common.php(1271): CodeIgniter\View\View->render('produtos/produt...', Array, true)
#4 C:\xampp\htdocs\gestana\app\Controllers\Produtos.php(30): view('produtos/produt...', Array)
#5 C:\xampp\htdocs\gestana\system\CodeIgniter.php(928): App\Controllers\Produtos->inserir()
#6 C:\xampp\htdocs\gestana\system\CodeIgniter.php(436): CodeIgniter\CodeIgniter->runController(Object(App\Controllers\Produtos))
#7 C:\xampp\htdocs\gestana\system\CodeIgniter.php(336): CodeIgniter\CodeIgniter->handleRequest(NULL, Object(Config\Cache), false)
#8 C:\xampp\htdocs\gestana\index.php(37): CodeIgniter\CodeIgniter->run()
#9 {main}
CRITICAL - 2021-06-23 14:38:39 --> Trying to get property 'descricao' of non-object
#0 C:\xampp\htdocs\gestana\app\Views\produtos\produtosadd.php(9): CodeIgniter\Debug\Exceptions->errorHandler(8, 'Trying to get p...', 'C:\\xampp\\htdocs...', 9, Array)
#1 C:\xampp\htdocs\gestana\system\View\View.php(230): include('C:\\xampp\\htdocs...')
#2 C:\xampp\htdocs\gestana\system\View\View.php(232): CodeIgniter\View\View->CodeIgniter\View\{closure}()
#3 C:\xampp\htdocs\gestana\system\Common.php(1271): CodeIgniter\View\View->render('produtos/produt...', Array, true)
#4 C:\xampp\htdocs\gestana\app\Controllers\Produtos.php(33): view('produtos/produt...', Array)
#5 C:\xampp\htdocs\gestana\system\CodeIgniter.php(928): App\Controllers\Produtos->inserir()
#6 C:\xampp\htdocs\gestana\system\CodeIgniter.php(436): CodeIgniter\CodeIgniter->runController(Object(App\Controllers\Produtos))
#7 C:\xampp\htdocs\gestana\system\CodeIgniter.php(336): CodeIgniter\CodeIgniter->handleRequest(NULL, Object(Config\Cache), false)
#8 C:\xampp\htdocs\gestana\index.php(37): CodeIgniter\CodeIgniter->run()
#9 {main}
CRITICAL - 2021-06-23 15:28:09 --> A non-numeric value encountered
#0 C:\xampp\htdocs\gestana\app\Controllers\BaseController.php(76): CodeIgniter\Debug\Exceptions->errorHandler(2, 'A non-numeric v...', 'C:\\xampp\\htdocs...', 76, Array)
#1 C:\xampp\htdocs\gestana\app\Controllers\Produtos.php(9): App\Controllers\BaseController->indexview(Object(App\Models\ProdutoModel), 'produtos')
#2 C:\xampp\htdocs\gestana\system\CodeIgniter.php(928): App\Controllers\Produtos->index()
#3 C:\xampp\htdocs\gestana\system\CodeIgniter.php(436): CodeIgniter\CodeIgniter->runController(Object(App\Controllers\Produtos))
#4 C:\xampp\htdocs\gestana\system\CodeIgniter.php(336): CodeIgniter\CodeIgniter->handleRequest(NULL, Object(Config\Cache), false)
#5 C:\xampp\htdocs\gestana\index.php(37): CodeIgniter\CodeIgniter->run()
#6 {main}
