CRITICAL - 2021-07-16 11:18:42 --> Undefined property: App\Controllers\SignUp::$input
#0 C:\xampp\htdocs\characterlist\app\Controllers\SignUp.php(10): CodeIgniter\Debug\Exceptions->errorHandler(8, 'Undefined prope...', 'C:\\xampp\\htdocs...', 10, Array)
#1 C:\xampp\htdocs\characterlist\system\CodeIgniter.php(928): App\Controllers\SignUp->index()
#2 C:\xampp\htdocs\characterlist\system\CodeIgniter.php(436): CodeIgniter\CodeIgniter->runController(Object(App\Controllers\SignUp))
#3 C:\xampp\htdocs\characterlist\system\CodeIgniter.php(336): CodeIgniter\CodeIgniter->handleRequest(NULL, Object(Config\Cache), false)
#4 C:\xampp\htdocs\characterlist\index.php(37): CodeIgniter\CodeIgniter->run()
#5 {main}
CRITICAL - 2021-07-16 11:27:40 --> Undefined variable: data
#0 C:\xampp\htdocs\characterlist\app\Controllers\SignUp.php(19): CodeIgniter\Debug\Exceptions->errorHandler(8, 'Undefined varia...', 'C:\\xampp\\htdocs...', 19, Array)
#1 C:\xampp\htdocs\characterlist\system\CodeIgniter.php(928): App\Controllers\SignUp->index()
#2 C:\xampp\htdocs\characterlist\system\CodeIgniter.php(436): CodeIgniter\CodeIgniter->runController(Object(App\Controllers\SignUp))
#3 C:\xampp\htdocs\characterlist\system\CodeIgniter.php(336): CodeIgniter\CodeIgniter->handleRequest(NULL, Object(Config\Cache), false)
#4 C:\xampp\htdocs\characterlist\index.php(37): CodeIgniter\CodeIgniter->run()
#5 {main}
CRITICAL - 2021-07-16 11:42:10 --> Undefined variable: fistName
#0 C:\xampp\htdocs\characterlist\app\Views\signup.php(6): CodeIgniter\Debug\Exceptions->errorHandler(8, 'Undefined varia...', 'C:\\xampp\\htdocs...', 6, Array)
#1 C:\xampp\htdocs\characterlist\system\View\View.php(230): include('C:\\xampp\\htdocs...')
#2 C:\xampp\htdocs\characterlist\system\View\View.php(232): CodeIgniter\View\View->CodeIgniter\View\{closure}()
#3 C:\xampp\htdocs\characterlist\system\Common.php(1271): CodeIgniter\View\View->render('signup', Array, true)
#4 C:\xampp\htdocs\characterlist\app\Controllers\SignUp.php(31): view('signup', Array)
#5 C:\xampp\htdocs\characterlist\system\CodeIgniter.php(928): App\Controllers\SignUp->index()
#6 C:\xampp\htdocs\characterlist\system\CodeIgniter.php(436): CodeIgniter\CodeIgniter->runController(Object(App\Controllers\SignUp))
#7 C:\xampp\htdocs\characterlist\system\CodeIgniter.php(336): CodeIgniter\CodeIgniter->handleRequest(NULL, Object(Config\Cache), false)
#8 C:\xampp\htdocs\characterlist\index.php(37): CodeIgniter\CodeIgniter->run()
#9 {main}
CRITICAL - 2021-07-16 13:32:14 --> syntax error, unexpected '}', expecting ';' or ','
#0 C:\xampp\htdocs\characterlist\system\Router\Router.php(169): CodeIgniter\Router\Router->autoRoute('signup')
#1 C:\xampp\htdocs\characterlist\system\CodeIgniter.php(809): CodeIgniter\Router\Router->handle('signup')
#2 C:\xampp\htdocs\characterlist\system\CodeIgniter.php(389): CodeIgniter\CodeIgniter->tryToRouteIt(Object(CodeIgniter\Router\RouteCollection))
#3 C:\xampp\htdocs\characterlist\system\CodeIgniter.php(336): CodeIgniter\CodeIgniter->handleRequest(NULL, Object(Config\Cache), false)
#4 C:\xampp\htdocs\characterlist\index.php(37): CodeIgniter\CodeIgniter->run()
#5 {main}
CRITICAL - 2021-07-16 13:34:06 -->  route cannot be found while reverse-routing.
#0 C:\xampp\htdocs\characterlist\system\HTTP\RedirectResponse.php(64): CodeIgniter\HTTP\Exceptions\HTTPException::forInvalidRedirectRoute('')
#1 C:\xampp\htdocs\characterlist\system\Common.php(972): CodeIgniter\HTTP\RedirectResponse->route(false)
#2 C:\xampp\htdocs\characterlist\app\Controllers\SignUp.php(42): redirect('dashboard')
#3 C:\xampp\htdocs\characterlist\system\CodeIgniter.php(928): App\Controllers\SignUp->index()
#4 C:\xampp\htdocs\characterlist\system\CodeIgniter.php(436): CodeIgniter\CodeIgniter->runController(Object(App\Controllers\SignUp))
#5 C:\xampp\htdocs\characterlist\system\CodeIgniter.php(336): CodeIgniter\CodeIgniter->handleRequest(NULL, Object(Config\Cache), false)
#6 C:\xampp\htdocs\characterlist\index.php(37): CodeIgniter\CodeIgniter->run()
#7 {main}
CRITICAL - 2021-07-16 13:35:03 -->  route cannot be found while reverse-routing.
#0 C:\xampp\htdocs\characterlist\system\HTTP\RedirectResponse.php(64): CodeIgniter\HTTP\Exceptions\HTTPException::forInvalidRedirectRoute('')
#1 C:\xampp\htdocs\characterlist\system\Common.php(972): CodeIgniter\HTTP\RedirectResponse->route(false)
#2 C:\xampp\htdocs\characterlist\app\Controllers\SignUp.php(42): redirect('dashboard')
#3 C:\xampp\htdocs\characterlist\system\CodeIgniter.php(928): App\Controllers\SignUp->index()
#4 C:\xampp\htdocs\characterlist\system\CodeIgniter.php(436): CodeIgniter\CodeIgniter->runController(Object(App\Controllers\SignUp))
#5 C:\xampp\htdocs\characterlist\system\CodeIgniter.php(336): CodeIgniter\CodeIgniter->handleRequest(NULL, Object(Config\Cache), false)
#6 C:\xampp\htdocs\characterlist\index.php(37): CodeIgniter\CodeIgniter->run()
#7 {main}
CRITICAL - 2021-07-16 13:56:04 --> session_start(): A session had already been started - ignoring
#0 [internal function]: CodeIgniter\Debug\Exceptions->errorHandler(8, 'session_start()...', 'C:\\xampp\\htdocs...', 2, Array)
#1 C:\xampp\htdocs\characterlist\app\Views\addcharacter.php(2): session_start()
#2 C:\xampp\htdocs\characterlist\system\View\View.php(230): include('C:\\xampp\\htdocs...')
#3 C:\xampp\htdocs\characterlist\system\View\View.php(232): CodeIgniter\View\View->CodeIgniter\View\{closure}()
#4 C:\xampp\htdocs\characterlist\system\Common.php(1271): CodeIgniter\View\View->render('addcharacter', Array, true)
#5 C:\xampp\htdocs\characterlist\app\Controllers\AddCharacter.php(10): view('addcharacter')
#6 C:\xampp\htdocs\characterlist\system\CodeIgniter.php(928): App\Controllers\AddCharacter->index()
#7 C:\xampp\htdocs\characterlist\system\CodeIgniter.php(436): CodeIgniter\CodeIgniter->runController(Object(App\Controllers\AddCharacter))
#8 C:\xampp\htdocs\characterlist\system\CodeIgniter.php(336): CodeIgniter\CodeIgniter->handleRequest(NULL, Object(Config\Cache), false)
#9 C:\xampp\htdocs\characterlist\index.php(37): CodeIgniter\CodeIgniter->run()
#10 {main}
CRITICAL - 2021-07-16 13:58:41 --> session_destroy(): Trying to destroy uninitialized session
#0 [internal function]: CodeIgniter\Debug\Exceptions->errorHandler(2, 'session_destroy...', 'C:\\xampp\\htdocs...', 13, Array)
#1 C:\xampp\htdocs\characterlist\app\Controllers\Logout.php(13): session_destroy()
#2 C:\xampp\htdocs\characterlist\system\CodeIgniter.php(928): App\Controllers\Logout->index()
#3 C:\xampp\htdocs\characterlist\system\CodeIgniter.php(436): CodeIgniter\CodeIgniter->runController(Object(App\Controllers\Logout))
#4 C:\xampp\htdocs\characterlist\system\CodeIgniter.php(336): CodeIgniter\CodeIgniter->handleRequest(NULL, Object(Config\Cache), false)
#5 C:\xampp\htdocs\characterlist\index.php(37): CodeIgniter\CodeIgniter->run()
#6 {main}
CRITICAL - 2021-07-16 14:20:37 --> Invalid file: login.php
#0 C:\xampp\htdocs\characterlist\system\View\View.php(213): CodeIgniter\Exceptions\FrameworkException::forInvalidFile('login.php')
#1 C:\xampp\htdocs\characterlist\system\Common.php(1271): CodeIgniter\View\View->render('login', Array, true)
#2 C:\xampp\htdocs\characterlist\app\Controllers\Login.php(12): view('login', Array)
#3 C:\xampp\htdocs\characterlist\system\CodeIgniter.php(928): App\Controllers\Login->index()
#4 C:\xampp\htdocs\characterlist\system\CodeIgniter.php(436): CodeIgniter\CodeIgniter->runController(Object(App\Controllers\Login))
#5 C:\xampp\htdocs\characterlist\system\CodeIgniter.php(336): CodeIgniter\CodeIgniter->handleRequest(NULL, Object(Config\Cache), false)
#6 C:\xampp\htdocs\characterlist\index.php(37): CodeIgniter\CodeIgniter->run()
#7 {main}
CRITICAL - 2021-07-16 14:21:08 --> Undefined variable: errorFirstName
#0 C:\xampp\htdocs\characterlist\app\Views\login.php(8): CodeIgniter\Debug\Exceptions->errorHandler(8, 'Undefined varia...', 'C:\\xampp\\htdocs...', 8, Array)
#1 C:\xampp\htdocs\characterlist\system\View\View.php(230): include('C:\\xampp\\htdocs...')
#2 C:\xampp\htdocs\characterlist\system\View\View.php(232): CodeIgniter\View\View->CodeIgniter\View\{closure}()
#3 C:\xampp\htdocs\characterlist\system\Common.php(1271): CodeIgniter\View\View->render('login', Array, true)
#4 C:\xampp\htdocs\characterlist\app\Controllers\Login.php(12): view('login', Array)
#5 C:\xampp\htdocs\characterlist\system\CodeIgniter.php(928): App\Controllers\Login->index()
#6 C:\xampp\htdocs\characterlist\system\CodeIgniter.php(436): CodeIgniter\CodeIgniter->runController(Object(App\Controllers\Login))
#7 C:\xampp\htdocs\characterlist\system\CodeIgniter.php(336): CodeIgniter\CodeIgniter->handleRequest(NULL, Object(Config\Cache), false)
#8 C:\xampp\htdocs\characterlist\index.php(37): CodeIgniter\CodeIgniter->run()
#9 {main}
CRITICAL - 2021-07-16 14:43:07 --> Undefined variable: errorName
#0 C:\xampp\htdocs\characterlist\app\Views\addseries.php(15): CodeIgniter\Debug\Exceptions->errorHandler(8, 'Undefined varia...', 'C:\\xampp\\htdocs...', 15, Array)
#1 C:\xampp\htdocs\characterlist\system\View\View.php(230): include('C:\\xampp\\htdocs...')
#2 C:\xampp\htdocs\characterlist\system\View\View.php(232): CodeIgniter\View\View->CodeIgniter\View\{closure}()
#3 C:\xampp\htdocs\characterlist\system\Common.php(1271): CodeIgniter\View\View->render('addseries', Array, true)
#4 C:\xampp\htdocs\characterlist\app\Controllers\AddSeries.php(23): view('addseries')
#5 C:\xampp\htdocs\characterlist\system\CodeIgniter.php(928): App\Controllers\AddSeries->index()
#6 C:\xampp\htdocs\characterlist\system\CodeIgniter.php(436): CodeIgniter\CodeIgniter->runController(Object(App\Controllers\AddSeries))
#7 C:\xampp\htdocs\characterlist\system\CodeIgniter.php(336): CodeIgniter\CodeIgniter->handleRequest(NULL, Object(Config\Cache), false)
#8 C:\xampp\htdocs\characterlist\index.php(37): CodeIgniter\CodeIgniter->run()
#9 {main}
CRITICAL - 2021-07-16 14:43:08 --> Undefined variable: errorName
#0 C:\xampp\htdocs\characterlist\app\Views\addseries.php(15): CodeIgniter\Debug\Exceptions->errorHandler(8, 'Undefined varia...', 'C:\\xampp\\htdocs...', 15, Array)
#1 C:\xampp\htdocs\characterlist\system\View\View.php(230): include('C:\\xampp\\htdocs...')
#2 C:\xampp\htdocs\characterlist\system\View\View.php(232): CodeIgniter\View\View->CodeIgniter\View\{closure}()
#3 C:\xampp\htdocs\characterlist\system\Common.php(1271): CodeIgniter\View\View->render('addseries', Array, true)
#4 C:\xampp\htdocs\characterlist\app\Controllers\AddSeries.php(23): view('addseries')
#5 C:\xampp\htdocs\characterlist\system\CodeIgniter.php(928): App\Controllers\AddSeries->index()
#6 C:\xampp\htdocs\characterlist\system\CodeIgniter.php(436): CodeIgniter\CodeIgniter->runController(Object(App\Controllers\AddSeries))
#7 C:\xampp\htdocs\characterlist\system\CodeIgniter.php(336): CodeIgniter\CodeIgniter->handleRequest(NULL, Object(Config\Cache), false)
#8 C:\xampp\htdocs\characterlist\index.php(37): CodeIgniter\CodeIgniter->run()
#9 {main}
CRITICAL - 2021-07-16 14:57:47 --> Undefined index: user_id
#0 C:\xampp\htdocs\characterlist\app\Views\dashboard.php(9): CodeIgniter\Debug\Exceptions->errorHandler(8, 'Undefined index...', 'C:\\xampp\\htdocs...', 9, Array)
#1 C:\xampp\htdocs\characterlist\system\View\View.php(230): include('C:\\xampp\\htdocs...')
#2 C:\xampp\htdocs\characterlist\system\View\View.php(232): CodeIgniter\View\View->CodeIgniter\View\{closure}()
#3 C:\xampp\htdocs\characterlist\system\Common.php(1271): CodeIgniter\View\View->render('dashboard', Array, true)
#4 C:\xampp\htdocs\characterlist\app\Controllers\Dashboard.php(10): view('dashboard')
#5 C:\xampp\htdocs\characterlist\system\CodeIgniter.php(928): App\Controllers\Dashboard->index()
#6 C:\xampp\htdocs\characterlist\system\CodeIgniter.php(436): CodeIgniter\CodeIgniter->runController(Object(App\Controllers\Dashboard))
#7 C:\xampp\htdocs\characterlist\system\CodeIgniter.php(336): CodeIgniter\CodeIgniter->handleRequest(NULL, Object(Config\Cache), false)
#8 C:\xampp\htdocs\characterlist\index.php(37): CodeIgniter\CodeIgniter->run()
#9 {main}
CRITICAL - 2021-07-16 14:57:48 --> Undefined index: user_id
#0 C:\xampp\htdocs\characterlist\app\Views\dashboard.php(9): CodeIgniter\Debug\Exceptions->errorHandler(8, 'Undefined index...', 'C:\\xampp\\htdocs...', 9, Array)
#1 C:\xampp\htdocs\characterlist\system\View\View.php(230): include('C:\\xampp\\htdocs...')
#2 C:\xampp\htdocs\characterlist\system\View\View.php(232): CodeIgniter\View\View->CodeIgniter\View\{closure}()
#3 C:\xampp\htdocs\characterlist\system\Common.php(1271): CodeIgniter\View\View->render('dashboard', Array, true)
#4 C:\xampp\htdocs\characterlist\app\Controllers\Dashboard.php(10): view('dashboard')
#5 C:\xampp\htdocs\characterlist\system\CodeIgniter.php(928): App\Controllers\Dashboard->index()
#6 C:\xampp\htdocs\characterlist\system\CodeIgniter.php(436): CodeIgniter\CodeIgniter->runController(Object(App\Controllers\Dashboard))
#7 C:\xampp\htdocs\characterlist\system\CodeIgniter.php(336): CodeIgniter\CodeIgniter->handleRequest(NULL, Object(Config\Cache), false)
#8 C:\xampp\htdocs\characterlist\index.php(37): CodeIgniter\CodeIgniter->run()
#9 {main}
CRITICAL - 2021-07-16 14:57:49 --> Undefined index: user_id
#0 C:\xampp\htdocs\characterlist\app\Views\dashboard.php(9): CodeIgniter\Debug\Exceptions->errorHandler(8, 'Undefined index...', 'C:\\xampp\\htdocs...', 9, Array)
#1 C:\xampp\htdocs\characterlist\system\View\View.php(230): include('C:\\xampp\\htdocs...')
#2 C:\xampp\htdocs\characterlist\system\View\View.php(232): CodeIgniter\View\View->CodeIgniter\View\{closure}()
#3 C:\xampp\htdocs\characterlist\system\Common.php(1271): CodeIgniter\View\View->render('dashboard', Array, true)
#4 C:\xampp\htdocs\characterlist\app\Controllers\Dashboard.php(10): view('dashboard')
#5 C:\xampp\htdocs\characterlist\system\CodeIgniter.php(928): App\Controllers\Dashboard->index()
#6 C:\xampp\htdocs\characterlist\system\CodeIgniter.php(436): CodeIgniter\CodeIgniter->runController(Object(App\Controllers\Dashboard))
#7 C:\xampp\htdocs\characterlist\system\CodeIgniter.php(336): CodeIgniter\CodeIgniter->handleRequest(NULL, Object(Config\Cache), false)
#8 C:\xampp\htdocs\characterlist\index.php(37): CodeIgniter\CodeIgniter->run()
#9 {main}
CRITICAL - 2021-07-16 15:04:33 --> SQLSTATE[23502]: Not null violation: 7 ERROR:  null value in column "id" violates not-null constraint
DETAIL:  Failing row contains (null, null, SpongeBob SquarePants, null, https://1.bp.blogspot.com/-Irws6i1e_qY/YPHlzKtPWxI/AAAAAAAAA0A/Z..., 1).
#0 C:\xampp\htdocs\characterlist\app\Models\rb.php(1171): RedBeanPHP\Driver\RPDO->runQuery('INSERT INTO "pr...', Array)
#1 C:\xampp\htdocs\characterlist\app\Models\rb.php(1211): RedBeanPHP\Driver\RPDO->GetAll('INSERT INTO "pr...', Array)
#2 C:\xampp\htdocs\characterlist\app\Models\rb.php(4379): RedBeanPHP\Driver\RPDO->GetOne('INSERT INTO "pr...', Array)
#3 C:\xampp\htdocs\characterlist\app\Models\rb.php(6120): RedBeanPHP\Adapter\DBAdapter->getCell('INSERT INTO "pr...', Array, 0)
#4 C:\xampp\htdocs\characterlist\app\Models\rb.php(6247): RedBeanPHP\QueryWriter\AQueryWriter->insertRecord('preseries', Array, Array)
#5 C:\xampp\htdocs\characterlist\app\Models\rb.php(9817): RedBeanPHP\QueryWriter\AQueryWriter->updateRecord('preseries', Array, 0)
#6 C:\xampp\htdocs\characterlist\app\Models\rb.php(8970): RedBeanPHP\Repository\Fluid->storeBean(Object(RedBeanPHP\OODBBean))
#7 C:\xampp\htdocs\characterlist\app\Models\rb.php(9365): RedBeanPHP\Repository->storeBeanWithLists(Object(RedBeanPHP\OODBBean))
#8 C:\xampp\htdocs\characterlist\app\Models\rb.php(10477): RedBeanPHP\Repository->store(Object(RedBeanPHP\OODBBean))
#9 C:\xampp\htdocs\characterlist\app\Models\rb.php(13349): RedBeanPHP\OODB->store(Object(RedBeanPHP\OODBBean))
#10 C:\xampp\htdocs\characterlist\app\Models\PreSeriesModel.php(20): RedBeanPHP\Facade::store(Object(RedBeanPHP\OODBBean))
#11 C:\xampp\htdocs\characterlist\app\Controllers\AddSeries.php(35): App\Models\PreSeriesModel->insert()
#12 C:\xampp\htdocs\characterlist\system\CodeIgniter.php(928): App\Controllers\AddSeries->index()
#13 C:\xampp\htdocs\characterlist\system\CodeIgniter.php(436): CodeIgniter\CodeIgniter->runController(Object(App\Controllers\AddSeries))
#14 C:\xampp\htdocs\characterlist\system\CodeIgniter.php(336): CodeIgniter\CodeIgniter->handleRequest(NULL, Object(Config\Cache), false)
#15 C:\xampp\htdocs\characterlist\index.php(37): CodeIgniter\CodeIgniter->run()
#16 {main}
CRITICAL - 2021-07-16 15:06:43 --> session_start(): A session had already been started - ignoring
#0 [internal function]: CodeIgniter\Debug\Exceptions->errorHandler(8, 'session_start()...', 'C:\\xampp\\htdocs...', 2, Array)
#1 C:\xampp\htdocs\characterlist\app\Views\templates\header.php(2): session_start()
#2 C:\xampp\htdocs\characterlist\system\View\View.php(230): include('C:\\xampp\\htdocs...')
#3 C:\xampp\htdocs\characterlist\system\View\View.php(232): CodeIgniter\View\View->CodeIgniter\View\{closure}()
#4 C:\xampp\htdocs\characterlist\system\Common.php(1271): CodeIgniter\View\View->render('templates/heade...', Array, true)
#5 C:\xampp\htdocs\characterlist\app\Controllers\AddSeries.php(38): view('templates/heade...')
#6 C:\xampp\htdocs\characterlist\system\CodeIgniter.php(928): App\Controllers\AddSeries->index()
#7 C:\xampp\htdocs\characterlist\system\CodeIgniter.php(436): CodeIgniter\CodeIgniter->runController(Object(App\Controllers\AddSeries))
#8 C:\xampp\htdocs\characterlist\system\CodeIgniter.php(336): CodeIgniter\CodeIgniter->handleRequest(NULL, Object(Config\Cache), false)
#9 C:\xampp\htdocs\characterlist\index.php(37): CodeIgniter\CodeIgniter->run()
#10 {main}
