CRITICAL - 2021-06-22 10:59:25 --> Object of class CodeIgniter\Database\Postgre\Result could not be converted to string
#0 C:\xampp\htdocs\gestana\system\CodeIgniter.php(928): App\Controllers\Produtos->index()
#1 C:\xampp\htdocs\gestana\system\CodeIgniter.php(436): CodeIgniter\CodeIgniter->runController(Object(App\Controllers\Produtos))
#2 C:\xampp\htdocs\gestana\system\CodeIgniter.php(336): CodeIgniter\CodeIgniter->handleRequest(NULL, Object(Config\Cache), false)
#3 C:\xampp\htdocs\gestana\index.php(37): CodeIgniter\CodeIgniter->run()
#4 {main}
CRITICAL - 2021-06-22 11:51:33 --> Call to a member function set_flashdata() on null
#0 C:\xampp\htdocs\gestana\system\CodeIgniter.php(928): App\Controllers\Produtos->index()
#1 C:\xampp\htdocs\gestana\system\CodeIgniter.php(436): CodeIgniter\CodeIgniter->runController(Object(App\Controllers\Produtos))
#2 C:\xampp\htdocs\gestana\system\CodeIgniter.php(336): CodeIgniter\CodeIgniter->handleRequest(NULL, Object(Config\Cache), false)
#3 C:\xampp\htdocs\gestana\index.php(37): CodeIgniter\CodeIgniter->run()
#4 {main}
CRITICAL - 2021-06-22 11:51:43 --> Call to a member function set_flashdata() on null
#0 C:\xampp\htdocs\gestana\system\CodeIgniter.php(928): App\Controllers\Produtos->index()
#1 C:\xampp\htdocs\gestana\system\CodeIgniter.php(436): CodeIgniter\CodeIgniter->runController(Object(App\Controllers\Produtos))
#2 C:\xampp\htdocs\gestana\system\CodeIgniter.php(336): CodeIgniter\CodeIgniter->handleRequest(NULL, Object(Config\Cache), false)
#3 C:\xampp\htdocs\gestana\index.php(37): CodeIgniter\CodeIgniter->run()
#4 {main}
CRITICAL - 2021-06-22 11:53:01 -->  route cannot be found while reverse-routing.
#0 C:\xampp\htdocs\gestana\system\HTTP\RedirectResponse.php(64): CodeIgniter\HTTP\Exceptions\HTTPException::forInvalidRedirectRoute('')
#1 C:\xampp\htdocs\gestana\system\Common.php(972): CodeIgniter\HTTP\RedirectResponse->route(false)
#2 C:\xampp\htdocs\gestana\app\Controllers\Produtos.php(13): redirect('/produtos')
#3 C:\xampp\htdocs\gestana\system\CodeIgniter.php(928): App\Controllers\Produtos->index()
#4 C:\xampp\htdocs\gestana\system\CodeIgniter.php(436): CodeIgniter\CodeIgniter->runController(Object(App\Controllers\Produtos))
#5 C:\xampp\htdocs\gestana\system\CodeIgniter.php(336): CodeIgniter\CodeIgniter->handleRequest(NULL, Object(Config\Cache), false)
#6 C:\xampp\htdocs\gestana\index.php(37): CodeIgniter\CodeIgniter->run()
#7 {main}
CRITICAL - 2021-06-22 11:53:04 -->  route cannot be found while reverse-routing.
#0 C:\xampp\htdocs\gestana\system\HTTP\RedirectResponse.php(64): CodeIgniter\HTTP\Exceptions\HTTPException::forInvalidRedirectRoute('')
#1 C:\xampp\htdocs\gestana\system\Common.php(972): CodeIgniter\HTTP\RedirectResponse->route(false)
#2 C:\xampp\htdocs\gestana\app\Controllers\Produtos.php(13): redirect('/produtos')
#3 C:\xampp\htdocs\gestana\system\CodeIgniter.php(928): App\Controllers\Produtos->index()
#4 C:\xampp\htdocs\gestana\system\CodeIgniter.php(436): CodeIgniter\CodeIgniter->runController(Object(App\Controllers\Produtos))
#5 C:\xampp\htdocs\gestana\system\CodeIgniter.php(336): CodeIgniter\CodeIgniter->handleRequest(NULL, Object(Config\Cache), false)
#6 C:\xampp\htdocs\gestana\index.php(37): CodeIgniter\CodeIgniter->run()
#7 {main}
CRITICAL - 2021-06-22 13:02:13 --> syntax error, unexpected ']'
#0 C:\xampp\htdocs\gestana\system\Router\Router.php(169): CodeIgniter\Router\Router->autoRoute('produtos')
#1 C:\xampp\htdocs\gestana\system\CodeIgniter.php(809): CodeIgniter\Router\Router->handle('produtos')
#2 C:\xampp\htdocs\gestana\system\CodeIgniter.php(389): CodeIgniter\CodeIgniter->tryToRouteIt(Object(CodeIgniter\Router\RouteCollection))
#3 C:\xampp\htdocs\gestana\system\CodeIgniter.php(336): CodeIgniter\CodeIgniter->handleRequest(NULL, Object(Config\Cache), false)
#4 C:\xampp\htdocs\gestana\index.php(37): CodeIgniter\CodeIgniter->run()
#5 {main}
CRITICAL - 2021-06-22 13:02:15 --> syntax error, unexpected ']'
#0 C:\xampp\htdocs\gestana\system\Router\Router.php(169): CodeIgniter\Router\Router->autoRoute('produtos')
#1 C:\xampp\htdocs\gestana\system\CodeIgniter.php(809): CodeIgniter\Router\Router->handle('produtos')
#2 C:\xampp\htdocs\gestana\system\CodeIgniter.php(389): CodeIgniter\CodeIgniter->tryToRouteIt(Object(CodeIgniter\Router\RouteCollection))
#3 C:\xampp\htdocs\gestana\system\CodeIgniter.php(336): CodeIgniter\CodeIgniter->handleRequest(NULL, Object(Config\Cache), false)
#4 C:\xampp\htdocs\gestana\index.php(37): CodeIgniter\CodeIgniter->run()
#5 {main}
CRITICAL - 2021-06-22 13:02:23 --> syntax error, unexpected ']'
#0 C:\xampp\htdocs\gestana\system\Router\Router.php(169): CodeIgniter\Router\Router->autoRoute('produtos')
#1 C:\xampp\htdocs\gestana\system\CodeIgniter.php(809): CodeIgniter\Router\Router->handle('produtos')
#2 C:\xampp\htdocs\gestana\system\CodeIgniter.php(389): CodeIgniter\CodeIgniter->tryToRouteIt(Object(CodeIgniter\Router\RouteCollection))
#3 C:\xampp\htdocs\gestana\system\CodeIgniter.php(336): CodeIgniter\CodeIgniter->handleRequest(NULL, Object(Config\Cache), false)
#4 C:\xampp\htdocs\gestana\index.php(37): CodeIgniter\CodeIgniter->run()
#5 {main}
CRITICAL - 2021-06-22 13:02:30 --> syntax error, unexpected ']'
#0 C:\xampp\htdocs\gestana\system\Router\Router.php(169): CodeIgniter\Router\Router->autoRoute('produtos')
#1 C:\xampp\htdocs\gestana\system\CodeIgniter.php(809): CodeIgniter\Router\Router->handle('produtos')
#2 C:\xampp\htdocs\gestana\system\CodeIgniter.php(389): CodeIgniter\CodeIgniter->tryToRouteIt(Object(CodeIgniter\Router\RouteCollection))
#3 C:\xampp\htdocs\gestana\system\CodeIgniter.php(336): CodeIgniter\CodeIgniter->handleRequest(NULL, Object(Config\Cache), false)
#4 C:\xampp\htdocs\gestana\index.php(37): CodeIgniter\CodeIgniter->run()
#5 {main}
CRITICAL - 2021-06-22 13:02:31 --> syntax error, unexpected ']'
#0 C:\xampp\htdocs\gestana\system\Router\Router.php(169): CodeIgniter\Router\Router->autoRoute('produtos')
#1 C:\xampp\htdocs\gestana\system\CodeIgniter.php(809): CodeIgniter\Router\Router->handle('produtos')
#2 C:\xampp\htdocs\gestana\system\CodeIgniter.php(389): CodeIgniter\CodeIgniter->tryToRouteIt(Object(CodeIgniter\Router\RouteCollection))
#3 C:\xampp\htdocs\gestana\system\CodeIgniter.php(336): CodeIgniter\CodeIgniter->handleRequest(NULL, Object(Config\Cache), false)
#4 C:\xampp\htdocs\gestana\index.php(37): CodeIgniter\CodeIgniter->run()
#5 {main}
CRITICAL - 2021-06-22 13:18:23 --> Call to undefined method App\Models\ProdutoModel::count
#0 C:\xampp\htdocs\gestana\app\Controllers\Produtos.php(17): CodeIgniter\Model->__call('count', Array)
#1 C:\xampp\htdocs\gestana\system\CodeIgniter.php(928): App\Controllers\Produtos->index()
#2 C:\xampp\htdocs\gestana\system\CodeIgniter.php(436): CodeIgniter\CodeIgniter->runController(Object(App\Controllers\Produtos))
#3 C:\xampp\htdocs\gestana\system\CodeIgniter.php(336): CodeIgniter\CodeIgniter->handleRequest(NULL, Object(Config\Cache), false)
#4 C:\xampp\htdocs\gestana\index.php(37): CodeIgniter\CodeIgniter->run()
#5 {main}
CRITICAL - 2021-06-22 13:41:08 --> Division by zero
#0 C:\xampp\htdocs\gestana\app\Views\produtos\produtos.php(3): CodeIgniter\Debug\Exceptions->errorHandler(2, 'Division by zer...', 'C:\\xampp\\htdocs...', 3, Array)
#1 C:\xampp\htdocs\gestana\system\View\View.php(230): include('C:\\xampp\\htdocs...')
#2 C:\xampp\htdocs\gestana\system\View\View.php(232): CodeIgniter\View\View->CodeIgniter\View\{closure}()
#3 C:\xampp\htdocs\gestana\system\Common.php(1271): CodeIgniter\View\View->render('produtos/produt...', Array, true)
#4 C:\xampp\htdocs\gestana\app\Controllers\Produtos.php(23): view('produtos/produt...', Array)
#5 C:\xampp\htdocs\gestana\system\CodeIgniter.php(928): App\Controllers\Produtos->index()
#6 C:\xampp\htdocs\gestana\system\CodeIgniter.php(436): CodeIgniter\CodeIgniter->runController(Object(App\Controllers\Produtos))
#7 C:\xampp\htdocs\gestana\system\CodeIgniter.php(336): CodeIgniter\CodeIgniter->handleRequest(NULL, Object(Config\Cache), false)
#8 C:\xampp\htdocs\gestana\index.php(37): CodeIgniter\CodeIgniter->run()
#9 {main}
CRITICAL - 2021-06-22 13:41:12 --> Division by zero
#0 C:\xampp\htdocs\gestana\app\Views\produtos\produtos.php(3): CodeIgniter\Debug\Exceptions->errorHandler(2, 'Division by zer...', 'C:\\xampp\\htdocs...', 3, Array)
#1 C:\xampp\htdocs\gestana\system\View\View.php(230): include('C:\\xampp\\htdocs...')
#2 C:\xampp\htdocs\gestana\system\View\View.php(232): CodeIgniter\View\View->CodeIgniter\View\{closure}()
#3 C:\xampp\htdocs\gestana\system\Common.php(1271): CodeIgniter\View\View->render('produtos/produt...', Array, true)
#4 C:\xampp\htdocs\gestana\app\Controllers\Produtos.php(23): view('produtos/produt...', Array)
#5 C:\xampp\htdocs\gestana\system\CodeIgniter.php(928): App\Controllers\Produtos->index()
#6 C:\xampp\htdocs\gestana\system\CodeIgniter.php(436): CodeIgniter\CodeIgniter->runController(Object(App\Controllers\Produtos))
#7 C:\xampp\htdocs\gestana\system\CodeIgniter.php(336): CodeIgniter\CodeIgniter->handleRequest(NULL, Object(Config\Cache), false)
#8 C:\xampp\htdocs\gestana\index.php(37): CodeIgniter\CodeIgniter->run()
#9 {main}
CRITICAL - 2021-06-22 13:41:27 --> Division by zero
#0 C:\xampp\htdocs\gestana\app\Views\produtos\produtos.php(3): CodeIgniter\Debug\Exceptions->errorHandler(2, 'Division by zer...', 'C:\\xampp\\htdocs...', 3, Array)
#1 C:\xampp\htdocs\gestana\system\View\View.php(230): include('C:\\xampp\\htdocs...')
#2 C:\xampp\htdocs\gestana\system\View\View.php(232): CodeIgniter\View\View->CodeIgniter\View\{closure}()
#3 C:\xampp\htdocs\gestana\system\Common.php(1271): CodeIgniter\View\View->render('produtos/produt...', Array, true)
#4 C:\xampp\htdocs\gestana\app\Controllers\Produtos.php(23): view('produtos/produt...', Array)
#5 C:\xampp\htdocs\gestana\system\CodeIgniter.php(928): App\Controllers\Produtos->index()
#6 C:\xampp\htdocs\gestana\system\CodeIgniter.php(436): CodeIgniter\CodeIgniter->runController(Object(App\Controllers\Produtos))
#7 C:\xampp\htdocs\gestana\system\CodeIgniter.php(336): CodeIgniter\CodeIgniter->handleRequest(NULL, Object(Config\Cache), false)
#8 C:\xampp\htdocs\gestana\index.php(37): CodeIgniter\CodeIgniter->run()
#9 {main}
CRITICAL - 2021-06-22 13:41:57 --> Division by zero
#0 C:\xampp\htdocs\gestana\app\Views\produtos\produtos.php(3): CodeIgniter\Debug\Exceptions->errorHandler(2, 'Division by zer...', 'C:\\xampp\\htdocs...', 3, Array)
#1 C:\xampp\htdocs\gestana\system\View\View.php(230): include('C:\\xampp\\htdocs...')
#2 C:\xampp\htdocs\gestana\system\View\View.php(232): CodeIgniter\View\View->CodeIgniter\View\{closure}()
#3 C:\xampp\htdocs\gestana\system\Common.php(1271): CodeIgniter\View\View->render('produtos/produt...', Array, true)
#4 C:\xampp\htdocs\gestana\app\Controllers\Produtos.php(23): view('produtos/produt...', Array)
#5 C:\xampp\htdocs\gestana\system\CodeIgniter.php(928): App\Controllers\Produtos->index()
#6 C:\xampp\htdocs\gestana\system\CodeIgniter.php(436): CodeIgniter\CodeIgniter->runController(Object(App\Controllers\Produtos))
#7 C:\xampp\htdocs\gestana\system\CodeIgniter.php(336): CodeIgniter\CodeIgniter->handleRequest(NULL, Object(Config\Cache), false)
#8 C:\xampp\htdocs\gestana\index.php(37): CodeIgniter\CodeIgniter->run()
#9 {main}
