CRITICAL - 2021-07-02 13:01:57 --> Undefined variable: descricao_error
#0 C:\xampp\htdocs\gestana\app\Views\produtos\produtosadd.php(9): CodeIgniter\Debug\Exceptions->errorHandler(8, 'Undefined varia...', 'C:\\xampp\\htdocs...', 9, Array)
#1 C:\xampp\htdocs\gestana\system\View\View.php(230): include('C:\\xampp\\htdocs...')
#2 C:\xampp\htdocs\gestana\system\View\View.php(232): CodeIgniter\View\View->CodeIgniter\View\{closure}()
#3 C:\xampp\htdocs\gestana\system\Common.php(1271): CodeIgniter\View\View->render('produtos/produt...', Array, true)
#4 C:\xampp\htdocs\gestana\app\Controllers\Produtos.php(33): view('produtos/produt...', Array)
#5 C:\xampp\htdocs\gestana\system\CodeIgniter.php(928): App\Controllers\Produtos->inserir()
#6 C:\xampp\htdocs\gestana\system\CodeIgniter.php(436): CodeIgniter\CodeIgniter->runController(Object(App\Controllers\Produtos))
#7 C:\xampp\htdocs\gestana\system\CodeIgniter.php(336): CodeIgniter\CodeIgniter->handleRequest(NULL, Object(Config\Cache), false)
#8 C:\xampp\htdocs\gestana\index.php(37): CodeIgniter\CodeIgniter->run()
#9 {main}
CRITICAL - 2021-07-02 13:26:23 --> Undefined variable: descricao_error
#0 C:\xampp\htdocs\gestana\app\Views\produtos\produtosadd.php(9): CodeIgniter\Debug\Exceptions->errorHandler(8, 'Undefined varia...', 'C:\\xampp\\htdocs...', 9, Array)
#1 C:\xampp\htdocs\gestana\system\View\View.php(230): include('C:\\xampp\\htdocs...')
#2 C:\xampp\htdocs\gestana\system\View\View.php(232): CodeIgniter\View\View->CodeIgniter\View\{closure}()
#3 C:\xampp\htdocs\gestana\system\Common.php(1271): CodeIgniter\View\View->render('produtos/produt...', Array, true)
#4 C:\xampp\htdocs\gestana\app\Controllers\Produtos.php(57): view('produtos/produt...', Array)
#5 C:\xampp\htdocs\gestana\system\CodeIgniter.php(928): App\Controllers\Produtos->editar('3')
#6 C:\xampp\htdocs\gestana\system\CodeIgniter.php(436): CodeIgniter\CodeIgniter->runController(Object(App\Controllers\Produtos))
#7 C:\xampp\htdocs\gestana\system\CodeIgniter.php(336): CodeIgniter\CodeIgniter->handleRequest(NULL, Object(Config\Cache), false)
#8 C:\xampp\htdocs\gestana\index.php(37): CodeIgniter\CodeIgniter->run()
#9 {main}
CRITICAL - 2021-07-02 13:27:54 --> Call to undefined function App\Controllers\validarSomenteLetrasENumeros()
#0 C:\xampp\htdocs\gestana\system\CodeIgniter.php(928): App\Controllers\Produtos->editar('8')
#1 C:\xampp\htdocs\gestana\system\CodeIgniter.php(436): CodeIgniter\CodeIgniter->runController(Object(App\Controllers\Produtos))
#2 C:\xampp\htdocs\gestana\system\CodeIgniter.php(336): CodeIgniter\CodeIgniter->handleRequest(NULL, Object(Config\Cache), false)
#3 C:\xampp\htdocs\gestana\index.php(37): CodeIgniter\CodeIgniter->run()
#4 {main}
CRITICAL - 2021-07-02 13:37:48 --> Undefined index: orderBy
#0 C:\xampp\htdocs\gestana\app\Controllers\BaseController.php(68): CodeIgniter\Debug\Exceptions->errorHandler(8, 'Undefined index...', 'C:\\xampp\\htdocs...', 68, Array)
#1 C:\xampp\htdocs\gestana\app\Controllers\Produtos.php(9): App\Controllers\BaseController->indexview(Object(App\Models\ProdutoModel), 'produtos')
#2 C:\xampp\htdocs\gestana\system\CodeIgniter.php(928): App\Controllers\Produtos->index()
#3 C:\xampp\htdocs\gestana\system\CodeIgniter.php(436): CodeIgniter\CodeIgniter->runController(Object(App\Controllers\Produtos))
#4 C:\xampp\htdocs\gestana\system\CodeIgniter.php(336): CodeIgniter\CodeIgniter->handleRequest(NULL, Object(Config\Cache), false)
#5 C:\xampp\htdocs\gestana\index.php(37): CodeIgniter\CodeIgniter->run()
#6 {main}
CRITICAL - 2021-07-02 13:44:39 --> SQLSTATE[42601]: Syntax error: 7 ERROR:  syntax error at or near "OFFSET"
LINE 1: SELECT "produto".*  FROM "produto"  ORDER BY  OFFSET $1 LIMI...
                                                      ^
#0 C:\xampp\htdocs\gestana\app\Models\rb.php(1171): RedBeanPHP\Driver\RPDO->runQuery('SELECT "produto...', Array)
#1 C:\xampp\htdocs\gestana\app\Models\rb.php(4298): RedBeanPHP\Driver\RPDO->GetAll('SELECT "produto...', Array)
#2 C:\xampp\htdocs\gestana\app\Models\rb.php(6528): RedBeanPHP\Adapter\DBAdapter->get('SELECT "produto...', Array)
#3 C:\xampp\htdocs\gestana\app\Models\rb.php(9297): RedBeanPHP\QueryWriter\AQueryWriter->queryRecord('produto', Array, ' ORDER BY  OFFS...', Array)
#4 C:\xampp\htdocs\gestana\app\Models\rb.php(10422): RedBeanPHP\Repository->find('produto', Array, ' ORDER BY  OFFS...', Array)
#5 C:\xampp\htdocs\gestana\app\Models\rb.php(11051): RedBeanPHP\OODB->find('produto', Array, ' ORDER BY  OFFS...', Array)
#6 C:\xampp\htdocs\gestana\app\Models\rb.php(13688): RedBeanPHP\Finder->find('produto', ' ORDER BY  OFFS...', Array)
#7 C:\xampp\htdocs\gestana\app\Models\RedbeanModel.php(35): RedBeanPHP\Facade::find('produto', ' ORDER BY  OFFS...', Array)
#8 C:\xampp\htdocs\gestana\app\Controllers\BaseController.php(82): App\Models\RedbeanModel->find(5, 0, ' ORDER BY ')
#9 C:\xampp\htdocs\gestana\app\Controllers\Produtos.php(9): App\Controllers\BaseController->indexview(Object(App\Models\ProdutoModel), 'produtos')
#10 C:\xampp\htdocs\gestana\system\CodeIgniter.php(928): App\Controllers\Produtos->index()
#11 C:\xampp\htdocs\gestana\system\CodeIgniter.php(436): CodeIgniter\CodeIgniter->runController(Object(App\Controllers\Produtos))
#12 C:\xampp\htdocs\gestana\system\CodeIgniter.php(336): CodeIgniter\CodeIgniter->handleRequest(NULL, Object(Config\Cache), false)
#13 C:\xampp\htdocs\gestana\index.php(37): CodeIgniter\CodeIgniter->run()
#14 {main}
CRITICAL - 2021-07-02 13:49:31 --> Undefined index: orderBy
#0 C:\xampp\htdocs\gestana\app\Views\produtos\produtos.php(26): CodeIgniter\Debug\Exceptions->errorHandler(8, 'Undefined index...', 'C:\\xampp\\htdocs...', 26, Array)
#1 C:\xampp\htdocs\gestana\system\View\View.php(230): include('C:\\xampp\\htdocs...')
#2 C:\xampp\htdocs\gestana\system\View\View.php(232): CodeIgniter\View\View->CodeIgniter\View\{closure}()
#3 C:\xampp\htdocs\gestana\system\Common.php(1271): CodeIgniter\View\View->render('produtos/produt...', Array, true)
#4 C:\xampp\htdocs\gestana\app\Controllers\Produtos.php(12): view('produtos/produt...', Array)
#5 C:\xampp\htdocs\gestana\system\CodeIgniter.php(928): App\Controllers\Produtos->index()
#6 C:\xampp\htdocs\gestana\system\CodeIgniter.php(436): CodeIgniter\CodeIgniter->runController(Object(App\Controllers\Produtos))
#7 C:\xampp\htdocs\gestana\system\CodeIgniter.php(336): CodeIgniter\CodeIgniter->handleRequest(NULL, Object(Config\Cache), false)
#8 C:\xampp\htdocs\gestana\index.php(37): CodeIgniter\CodeIgniter->run()
#9 {main}
CRITICAL - 2021-07-02 15:32:44 --> A database has already been specified for this key.
#0 C:\xampp\htdocs\gestana\app\Models\rb.php(12974): RedBeanPHP\Facade::addDatabase('default', 'pgsql:host=baty...', 'wmtaljbm', 'XMayIkoaLqipnQI...', false, false, Array)
#1 C:\xampp\htdocs\gestana\app\Models\RedbeanModel.php(18): RedBeanPHP\Facade::setup('pgsql:host=baty...', 'wmtaljbm', 'XMayIkoaLqipnQI...')
#2 C:\xampp\htdocs\gestana\app\Controllers\Produtos.php(9): App\Models\RedbeanModel->__construct()
#3 C:\xampp\htdocs\gestana\app\Controllers\Produtos.php(74): App\Controllers\Produtos->index()
#4 C:\xampp\htdocs\gestana\system\CodeIgniter.php(928): App\Controllers\Produtos->excluir('7')
#5 C:\xampp\htdocs\gestana\system\CodeIgniter.php(436): CodeIgniter\CodeIgniter->runController(Object(App\Controllers\Produtos))
#6 C:\xampp\htdocs\gestana\system\CodeIgniter.php(336): CodeIgniter\CodeIgniter->handleRequest(NULL, Object(Config\Cache), false)
#7 C:\xampp\htdocs\gestana\index.php(37): CodeIgniter\CodeIgniter->run()
#8 {main}
CRITICAL - 2021-07-02 15:34:40 --> Undefined variable: registrosList
#0 C:\xampp\htdocs\gestana\app\Views\produtos\produtos.php(12): CodeIgniter\Debug\Exceptions->errorHandler(8, 'Undefined varia...', 'C:\\xampp\\htdocs...', 12, Array)
#1 C:\xampp\htdocs\gestana\system\View\View.php(230): include('C:\\xampp\\htdocs...')
#2 C:\xampp\htdocs\gestana\system\View\View.php(232): CodeIgniter\View\View->CodeIgniter\View\{closure}()
#3 C:\xampp\htdocs\gestana\system\Common.php(1271): CodeIgniter\View\View->render('produtos/produt...', Array, true)
#4 C:\xampp\htdocs\gestana\app\Controllers\Produtos.php(76): view('produtos/produt...')
#5 C:\xampp\htdocs\gestana\system\CodeIgniter.php(928): App\Controllers\Produtos->excluir('3')
#6 C:\xampp\htdocs\gestana\system\CodeIgniter.php(436): CodeIgniter\CodeIgniter->runController(Object(App\Controllers\Produtos))
#7 C:\xampp\htdocs\gestana\system\CodeIgniter.php(336): CodeIgniter\CodeIgniter->handleRequest(NULL, Object(Config\Cache), false)
#8 C:\xampp\htdocs\gestana\index.php(37): CodeIgniter\CodeIgniter->run()
#9 {main}
CRITICAL - 2021-07-02 15:35:51 --> Undefined variable: registrosList
#0 C:\xampp\htdocs\gestana\app\Views\produtos\produtos.php(12): CodeIgniter\Debug\Exceptions->errorHandler(8, 'Undefined varia...', 'C:\\xampp\\htdocs...', 12, Array)
#1 C:\xampp\htdocs\gestana\system\View\View.php(230): include('C:\\xampp\\htdocs...')
#2 C:\xampp\htdocs\gestana\system\View\View.php(232): CodeIgniter\View\View->CodeIgniter\View\{closure}()
#3 C:\xampp\htdocs\gestana\system\Common.php(1271): CodeIgniter\View\View->render('produtos/produt...', Array, true)
#4 C:\xampp\htdocs\gestana\app\Controllers\Produtos.php(77): view('produtos/produt...')
#5 C:\xampp\htdocs\gestana\system\CodeIgniter.php(928): App\Controllers\Produtos->excluir('3')
#6 C:\xampp\htdocs\gestana\system\CodeIgniter.php(436): CodeIgniter\CodeIgniter->runController(Object(App\Controllers\Produtos))
#7 C:\xampp\htdocs\gestana\system\CodeIgniter.php(336): CodeIgniter\CodeIgniter->handleRequest(NULL, Object(Config\Cache), false)
#8 C:\xampp\htdocs\gestana\index.php(37): CodeIgniter\CodeIgniter->run()
#9 {main}
CRITICAL - 2021-07-02 15:37:30 -->  route cannot be found while reverse-routing.
#0 C:\xampp\htdocs\gestana\system\HTTP\RedirectResponse.php(64): CodeIgniter\HTTP\Exceptions\HTTPException::forInvalidRedirectRoute('')
#1 C:\xampp\htdocs\gestana\system\Common.php(972): CodeIgniter\HTTP\RedirectResponse->route(false)
#2 C:\xampp\htdocs\gestana\app\Controllers\Produtos.php(74): redirect('produtos')
#3 C:\xampp\htdocs\gestana\system\CodeIgniter.php(928): App\Controllers\Produtos->excluir('3')
#4 C:\xampp\htdocs\gestana\system\CodeIgniter.php(436): CodeIgniter\CodeIgniter->runController(Object(App\Controllers\Produtos))
#5 C:\xampp\htdocs\gestana\system\CodeIgniter.php(336): CodeIgniter\CodeIgniter->handleRequest(NULL, Object(Config\Cache), false)
#6 C:\xampp\htdocs\gestana\index.php(37): CodeIgniter\CodeIgniter->run()
#7 {main}
